#
# There is insufficient memory for the Java Runtime Environment to continue.
# Native memory allocation (mmap) failed to map 555745280 bytes for G1 virtual space
# Possible reasons:
#   The system is out of physical RAM or swap space
#   The process is running with CompressedOops enabled, and the Java Heap may be blocking the growth of the native heap
# Possible solutions:
#   Reduce memory load on the system
#   Increase physical memory or swap space
#   Check if swap backing store is full
#   Decrease Java heap size (-Xmx/-Xms)
#   Decrease number of Java threads
#   Decrease Java thread stack sizes (-Xss)
#   Set larger code cache with -XX:ReservedCodeCacheSize=
#   JVM is running with Zero Based Compressed Oops mode in which the Java heap is
#     placed in the first 32GB address space. The Java Heap base address is the
#     maximum limit for the native heap growth. Please use -XX:HeapBaseMinAddress
#     to set the Java Heap base and to place the Java Heap above 32GB virtual address.
# This output file may be truncated or incomplete.
#
#  Out of Memory Error (os_windows.cpp:3530), pid=11140, tid=1368
#
# JRE version: OpenJDK Runtime Environment (18.0.2.1+1) (build 18.0.2.1+1-1)
# Java VM: OpenJDK 64-Bit Server VM (18.0.2.1+1-1, mixed mode, sharing, tiered, compressed oops, compressed class ptrs, g1 gc, windows-amd64)
# No core dump will be written. Minidumps are not enabled by default on client versions of Windows
#

---------------  S U M M A R Y ------------

Command Line: --module-path=C:\Program Files (x86)\Java\javafx-sdk-19\lib --add-modules=javafx.controls,javafx.fxml -javaagent:C:\Program Files\JetBrains\IntelliJ IDEA 2022.2.1\lib\idea_rt.jar=6690:C:\Program Files\JetBrains\IntelliJ IDEA 2022.2.1\bin -Dfile.encoding=UTF-8 -Dsun.stdout.encoding=UTF-8 -Dsun.stderr.encoding=UTF-8 Strom.ProgPamatky.MainFX

Host: Intel(R) Core(TM) i5-8300H CPU @ 2.30GHz, 8 cores, 11G,  Windows 11 , 64 bit Build 22621 (10.0.22621.755)
Time: Tue Nov 15 23:28:13 2022  Windows 11 , 64 bit Build 22621 (10.0.22621.755) elapsed time: 35.312999 seconds (0d 0h 0m 35s)

---------------  T H R E A D  ---------------

Current thread (0x000002487e5f7740):  VMThread "VM Thread" [stack: 0x00000053f2b00000,0x00000053f2c00000] [id=1368]

Stack: [0x00000053f2b00000,0x00000053f2c00000]
Native frames: (J=compiled Java code, j=interpreted, Vv=VM code, C=native code)
V  [jvm.dll+0x6993aa]
V  [jvm.dll+0x7f46dd]
V  [jvm.dll+0x7f5fee]
V  [jvm.dll+0x7f66a3]
V  [jvm.dll+0x25cf1f]
V  [jvm.dll+0x6962f9]
V  [jvm.dll+0x68ae2a]
V  [jvm.dll+0x32255b]
V  [jvm.dll+0x329f36]
V  [jvm.dll+0x37eade]
V  [jvm.dll+0x37ed0f]
V  [jvm.dll+0x2fa2da]
V  [jvm.dll+0x2fa387]
V  [jvm.dll+0x33e8c2]
V  [jvm.dll+0x33ce64]
V  [jvm.dll+0x2f9ab0]
V  [jvm.dll+0x33c43b]
V  [jvm.dll+0x7fb48b]
V  [jvm.dll+0x7fc224]
V  [jvm.dll+0x7fc75c]
V  [jvm.dll+0x7fcbb4]
V  [jvm.dll+0x7fcc77]
V  [jvm.dll+0x7a120a]
V  [jvm.dll+0x698255]
C  [ucrtbase.dll+0x29363]
C  [KERNEL32.DLL+0x1244d]
C  [ntdll.dll+0x5dfb8]

VM_Operation (0x00000053f3dfbf50): G1CollectForAllocation, mode: safepoint, requested by thread 0x00000248228bc620


---------------  P R O C E S S  ---------------

Threads class SMR info:
_java_thread_list=0x000002482d64b250, length=20, elements={
0x000002487aace3e0, 0x000002487e5fbfb0, 0x000002487e5fe960, 0x000002487e617b50,
0x000002487e6184f0, 0x000002487e61f710, 0x000002487e61ed40, 0x000002487e6434a0,
0x000002487e64e6c0, 0x000002487e64f0a0, 0x00000248228bcaf0, 0x00000248228bd960,
0x00000248228be300, 0x00000248228bde30, 0x00000248228be7d0, 0x00000248228bc620,
0x00000248228bbc80, 0x00000248228bf170, 0x00000248228bd490, 0x00000248228bb7b0
}

Java Threads: ( => current thread )
  0x000002487aace3e0 JavaThread "main" [_thread_blocked, id=11668, stack(0x00000053f2500000,0x00000053f2600000)]
  0x000002487e5fbfb0 JavaThread "Reference Handler" daemon [_thread_blocked, id=8864, stack(0x00000053f2c00000,0x00000053f2d00000)]
  0x000002487e5fe960 JavaThread "Finalizer" daemon [_thread_blocked, id=6628, stack(0x00000053f2d00000,0x00000053f2e00000)]
  0x000002487e617b50 JavaThread "Signal Dispatcher" daemon [_thread_blocked, id=3900, stack(0x00000053f2e00000,0x00000053f2f00000)]
  0x000002487e6184f0 JavaThread "Attach Listener" daemon [_thread_blocked, id=12296, stack(0x00000053f2f00000,0x00000053f3000000)]
  0x000002487e61f710 JavaThread "Service Thread" daemon [_thread_blocked, id=11692, stack(0x00000053f3000000,0x00000053f3100000)]
  0x000002487e61ed40 JavaThread "Monitor Deflation Thread" daemon [_thread_blocked, id=3292, stack(0x00000053f3100000,0x00000053f3200000)]
  0x000002487e6434a0 JavaThread "C2 CompilerThread0" daemon [_thread_blocked, id=12380, stack(0x00000053f3200000,0x00000053f3300000)]
  0x000002487e64e6c0 JavaThread "C1 CompilerThread0" daemon [_thread_blocked, id=10560, stack(0x00000053f3300000,0x00000053f3400000)]
  0x000002487e64f0a0 JavaThread "Sweeper thread" daemon [_thread_blocked, id=13796, stack(0x00000053f3400000,0x00000053f3500000)]
  0x00000248228bcaf0 JavaThread "Common-Cleaner" daemon [_thread_blocked, id=13844, stack(0x00000053f3500000,0x00000053f3600000)]
  0x00000248228bd960 JavaThread "Monitor Ctrl-Break" daemon [_thread_in_native, id=9100, stack(0x00000053f3800000,0x00000053f3900000)]
  0x00000248228be300 JavaThread "Notification Thread" daemon [_thread_blocked, id=9816, stack(0x00000053f3900000,0x00000053f3a00000)]
  0x00000248228bde30 JavaThread "QuantumRenderer-0" daemon [_thread_blocked, id=1712, stack(0x00000053f3b00000,0x00000053f3c00000)]
  0x00000248228be7d0 JavaThread "InvokeLaterDispatcher" daemon [_thread_blocked, id=6472, stack(0x00000053f3700000,0x00000053f3800000)]
  0x00000248228bc620 JavaThread "JavaFX Application Thread" [_thread_blocked, id=8516, stack(0x00000053f3d00000,0x00000053f3e00000)]
  0x00000248228bbc80 JavaThread "JavaFX-Launcher" [_thread_blocked, id=13492, stack(0x00000053f3f00000,0x00000053f4000000)]
  0x00000248228bf170 JavaThread "Thread-2" daemon [_thread_blocked, id=11228, stack(0x00000053f3600000,0x00000053f3700000)]
  0x00000248228bd490 JavaThread "Prism Font Disposer" daemon [_thread_blocked, id=13788, stack(0x00000053f4500000,0x00000053f4600000)]
  0x00000248228bb7b0 JavaThread "Cleaner-0" daemon [_thread_blocked, id=9136, stack(0x00000053f4c40000,0x00000053f4d40000)]

Other Threads:
=>0x000002487e5f7740 VMThread "VM Thread" [stack: 0x00000053f2b00000,0x00000053f2c00000] [id=1368]
  0x00000248232cc650 WatcherThread "VM Periodic Task Thread" [stack: 0x00000053f3a00000,0x00000053f3b00000] [id=12340]
  0x000002487ab2d350 WorkerThread "GC Thread#0" [stack: 0x00000053f2600000,0x00000053f2700000] [id=940]
  0x00000248230652f0 WorkerThread "GC Thread#1" [stack: 0x00000053f4000000,0x00000053f4100000] [id=5384]
  0x0000024823064db0 WorkerThread "GC Thread#2" [stack: 0x00000053f4100000,0x00000053f4200000] [id=12836]
  0x0000024823065d70 WorkerThread "GC Thread#3" [stack: 0x00000053f4200000,0x00000053f4300000] [id=5268]
  0x0000024823065ad0 WorkerThread "GC Thread#4" [stack: 0x00000053f4300000,0x00000053f4400000] [id=1276]
  0x0000024823066010 WorkerThread "GC Thread#5" [stack: 0x00000053f4400000,0x00000053f4500000] [id=4900]
  0x00000248230667f0 WorkerThread "GC Thread#6" [stack: 0x00000053f4a40000,0x00000053f4b40000] [id=8600]
  0x0000024823066a90 WorkerThread "GC Thread#7" [stack: 0x00000053f4b40000,0x00000053f4c40000] [id=4000]
  0x000002487ab3a070 ConcurrentGCThread "G1 Main Marker" [stack: 0x00000053f2700000,0x00000053f2800000] [id=14128]
  0x000002487ab3b200 WorkerThread "G1 Conc#0" [stack: 0x00000053f2800000,0x00000053f2900000] [id=3296]
  0x000002487e4d3420 ConcurrentGCThread "G1 Refine#0" [stack: 0x00000053f2900000,0x00000053f2a00000] [id=6484]
  0x000002482400eea0 ConcurrentGCThread "G1 Refine#1" [stack: 0x00000053f4d90000,0x00000053f4e90000] [id=9696]
  0x000002482400f710 ConcurrentGCThread "G1 Refine#2" [stack: 0x00000053f4e90000,0x00000053f4f90000] [id=312]
  0x0000024824010ac0 ConcurrentGCThread "G1 Refine#3" [stack: 0x00000053f4f90000,0x00000053f5090000] [id=9160]
  0x00000248238bfbe0 ConcurrentGCThread "G1 Refine#4" [stack: 0x00000053f5090000,0x00000053f5190000] [id=764]
  0x0000024823d0ca70 ConcurrentGCThread "G1 Refine#5" [stack: 0x00000053f5190000,0x00000053f5290000] [id=13192]
  0x0000024823d0b990 ConcurrentGCThread "G1 Refine#6" [stack: 0x00000053f5290000,0x00000053f5390000] [id=1328]
  0x0000024823d0bc60 ConcurrentGCThread "G1 Refine#7" [stack: 0x00000053f5390000,0x00000053f5490000] [id=2652]
  0x000002487ab6ef60 ConcurrentGCThread "G1 Service" [stack: 0x00000053f2a00000,0x00000053f2b00000] [id=6908]

Threads with active compile tasks:

VM state: at safepoint (normal execution)

VM Mutex/Monitor currently owned by a thread:  ([mutex/lock_event])
[0x000002487aacb4c0] Threads_lock - owner thread: 0x000002487e5f7740
[0x000002487aacb670] Heap_lock - owner thread: 0x00000248228bc620

Heap address: 0x0000000743600000, size: 3018 MB, Compressed Oops mode: Zero based, Oop shift amount: 3

CDS archive(s) mapped at: [0x0000000800000000-0x0000000800ba0000-0x0000000800ba0000), size 12189696, SharedBaseAddress: 0x0000000800000000, ArchiveRelocationMode: 0.
Compressed class space mapped at: 0x0000000800c00000-0x0000000840c00000, reserved size: 1073741824
Narrow klass base: 0x0000000800000000, Narrow klass shift: 0, Narrow klass range: 0x100000000

GC Precious Log:
 CardTable entry size: 512
 Card Set container configuration: InlinePtr #cards 4 size 8 Array Of Cards #cards 16 size 48 Howl #buckets 8 coarsen threshold 3686 Howl Bitmap #cards 512 size 80 coarsen threshold 460 Card regions per heap region 1 cards per card region 4096
 CPUs: 8 total, 8 available
 Memory: 12069M
 Large Page Support: Disabled
 NUMA Support: Disabled
 Compressed Oops: Enabled (Zero based)
 Heap Region Size: 2M
 Heap Min Capacity: 8M
 Heap Initial Capacity: 190M
 Heap Max Capacity: 3018M
 Pre-touch: Disabled
 Parallel Workers: 8
 Concurrent Workers: 2
 Concurrent Refinement Workers: 8
 Periodic GC: Disabled

Heap:
 garbage-first heap   total 481280K, used 126896K [0x0000000743600000, 0x0000000800000000)
  region size 2048K, 1 young (2048K), 1 survivors (2048K)
 Metaspace       used 17200K, committed 17536K, reserved 1114112K
  class space    used 2509K, committed 2688K, reserved 1048576K

Heap Regions: E=young(eden), S=young(survivor), O=old, HS=humongous(starts), HC=humongous(continues), CS=collection set, F=free, OA=open archive, CA=closed archive, TAMS=top-at-mark-start (previous, next)
|   0|0x0000000743600000, 0x0000000743800000, 0x0000000743800000|100%| O|  |TAMS 0x0000000743600000, 0x0000000743600000| Untracked 
|   1|0x0000000743800000, 0x0000000743a00000, 0x0000000743a00000|100%| O|  |TAMS 0x0000000743800000, 0x0000000743800000| Untracked 
|   2|0x0000000743a00000, 0x0000000743c00000, 0x0000000743c00000|100%|HS|  |TAMS 0x0000000743a00000, 0x0000000743a00000| Complete 
|   3|0x0000000743c00000, 0x0000000743e00000, 0x0000000743e00000|100%|HS|  |TAMS 0x0000000743c00000, 0x0000000743c00000| Complete 
|   4|0x0000000743e00000, 0x0000000744000000, 0x0000000744000000|100%|HS|  |TAMS 0x0000000743e00000, 0x0000000743e00000| Complete 
|   5|0x0000000744000000, 0x0000000744200000, 0x0000000744200000|100%|HC|  |TAMS 0x0000000744000000, 0x0000000744000000| Complete 
|   6|0x0000000744200000, 0x0000000744400000, 0x0000000744400000|100%|HS|  |TAMS 0x0000000744200000, 0x0000000744200000| Complete 
|   7|0x0000000744400000, 0x0000000744600000, 0x0000000744600000|100%|HC|  |TAMS 0x0000000744400000, 0x0000000744400000| Complete 
|   8|0x0000000744600000, 0x0000000744800000, 0x0000000744800000|100%|HS|  |TAMS 0x0000000744600000, 0x0000000744600000| Complete 
|   9|0x0000000744800000, 0x0000000744a00000, 0x0000000744a00000|100%|HC|  |TAMS 0x0000000744800000, 0x0000000744800000| Complete 
|  10|0x0000000744a00000, 0x0000000744c00000, 0x0000000744c00000|100%|HC|  |TAMS 0x0000000744a00000, 0x0000000744a00000| Complete 
|  11|0x0000000744c00000, 0x0000000744e00000, 0x0000000744e00000|100%|HS|  |TAMS 0x0000000744c00000, 0x0000000744c00000| Complete 
|  12|0x0000000744e00000, 0x0000000745000000, 0x0000000745000000|100%|HC|  |TAMS 0x0000000744e00000, 0x0000000744e00000| Complete 
|  13|0x0000000745000000, 0x0000000745200000, 0x0000000745200000|100%|HC|  |TAMS 0x0000000745000000, 0x0000000745000000| Complete 
|  14|0x0000000745200000, 0x0000000745400000, 0x0000000745400000|100%|HC|  |TAMS 0x0000000745200000, 0x0000000745200000| Complete 
|  15|0x0000000745400000, 0x0000000745600000, 0x0000000745600000|100%|HS|  |TAMS 0x0000000745400000, 0x0000000745400000| Complete 
|  16|0x0000000745600000, 0x0000000745800000, 0x0000000745800000|100%|HC|  |TAMS 0x0000000745600000, 0x0000000745600000| Complete 
|  17|0x0000000745800000, 0x0000000745a00000, 0x0000000745a00000|100%|HC|  |TAMS 0x0000000745800000, 0x0000000745800000| Complete 
|  18|0x0000000745a00000, 0x0000000745c00000, 0x0000000745c00000|100%|HC|  |TAMS 0x0000000745a00000, 0x0000000745a00000| Complete 
|  19|0x0000000745c00000, 0x0000000745e00000, 0x0000000745e00000|100%|HC|  |TAMS 0x0000000745c00000, 0x0000000745c00000| Complete 
|  20|0x0000000745e00000, 0x0000000746000000, 0x0000000746000000|100%|HC|  |TAMS 0x0000000745e00000, 0x0000000745e00000| Complete 
|  21|0x0000000746000000, 0x0000000746200000, 0x0000000746200000|100%|HS|  |TAMS 0x0000000746000000, 0x0000000746000000| Complete 
|  22|0x0000000746200000, 0x0000000746400000, 0x0000000746400000|100%|HC|  |TAMS 0x0000000746200000, 0x0000000746200000| Complete 
|  23|0x0000000746400000, 0x0000000746600000, 0x0000000746600000|100%|HC|  |TAMS 0x0000000746400000, 0x0000000746400000| Complete 
|  24|0x0000000746600000, 0x0000000746800000, 0x0000000746800000|100%|HC|  |TAMS 0x0000000746600000, 0x0000000746600000| Complete 
|  25|0x0000000746800000, 0x0000000746a00000, 0x0000000746a00000|100%|HC|  |TAMS 0x0000000746800000, 0x0000000746800000| Complete 
|  26|0x0000000746a00000, 0x0000000746c00000, 0x0000000746c00000|100%|HC|  |TAMS 0x0000000746a00000, 0x0000000746a00000| Complete 
|  27|0x0000000746c00000, 0x0000000746e00000, 0x0000000746e00000|100%|HC|  |TAMS 0x0000000746c00000, 0x0000000746c00000| Complete 
|  28|0x0000000746e00000, 0x0000000747000000, 0x0000000747000000|100%|HC|  |TAMS 0x0000000746e00000, 0x0000000746e00000| Complete 
|  29|0x0000000747000000, 0x0000000747200000, 0x0000000747200000|100%|HS|  |TAMS 0x0000000747000000, 0x0000000747000000| Complete 
|  30|0x0000000747200000, 0x0000000747400000, 0x0000000747400000|100%|HC|  |TAMS 0x0000000747200000, 0x0000000747200000| Complete 
|  31|0x0000000747400000, 0x0000000747600000, 0x0000000747600000|100%|HC|  |TAMS 0x0000000747400000, 0x0000000747400000| Complete 
|  32|0x0000000747600000, 0x0000000747800000, 0x0000000747800000|100%|HC|  |TAMS 0x0000000747600000, 0x0000000747600000| Complete 
|  33|0x0000000747800000, 0x0000000747a00000, 0x0000000747a00000|100%|HC|  |TAMS 0x0000000747800000, 0x0000000747800000| Complete 
|  34|0x0000000747a00000, 0x0000000747c00000, 0x0000000747c00000|100%|HC|  |TAMS 0x0000000747a00000, 0x0000000747a00000| Complete 
|  35|0x0000000747c00000, 0x0000000747e00000, 0x0000000747e00000|100%|HC|  |TAMS 0x0000000747c00000, 0x0000000747c00000| Complete 
|  36|0x0000000747e00000, 0x0000000748000000, 0x0000000748000000|100%|HC|  |TAMS 0x0000000747e00000, 0x0000000747e00000| Complete 
|  37|0x0000000748000000, 0x0000000748200000, 0x0000000748200000|100%|HC|  |TAMS 0x0000000748000000, 0x0000000748000000| Complete 
|  38|0x0000000748200000, 0x0000000748400000, 0x0000000748400000|100%|HC|  |TAMS 0x0000000748200000, 0x0000000748200000| Complete 
|  39|0x0000000748400000, 0x0000000748600000, 0x0000000748600000|100%|HC|  |TAMS 0x0000000748400000, 0x0000000748400000| Complete 
|  40|0x0000000748600000, 0x0000000748800000, 0x0000000748800000|100%|HC|  |TAMS 0x0000000748600000, 0x0000000748600000| Complete 
|  41|0x0000000748800000, 0x0000000748a00000, 0x0000000748a00000|100%| O|  |TAMS 0x0000000748800000, 0x0000000748800000| Untracked 
|  42|0x0000000748a00000, 0x0000000748c00000, 0x0000000748c00000|100%| O|  |TAMS 0x0000000748a00000, 0x0000000748a00000| Untracked 
|  43|0x0000000748c00000, 0x0000000748e00000, 0x0000000748e00000|100%|HS|  |TAMS 0x0000000748c00000, 0x0000000748c00000| Complete 
|  44|0x0000000748e00000, 0x0000000749000000, 0x0000000749000000|100%|HC|  |TAMS 0x0000000748e00000, 0x0000000748e00000| Complete 
|  45|0x0000000749000000, 0x0000000749200000, 0x0000000749200000|100%|HC|  |TAMS 0x0000000749000000, 0x0000000749000000| Complete 
|  46|0x0000000749200000, 0x0000000749400000, 0x0000000749400000|100%|HC|  |TAMS 0x0000000749200000, 0x0000000749200000| Complete 
|  47|0x0000000749400000, 0x0000000749600000, 0x0000000749600000|100%|HC|  |TAMS 0x0000000749400000, 0x0000000749400000| Complete 
|  48|0x0000000749600000, 0x0000000749800000, 0x0000000749800000|100%|HC|  |TAMS 0x0000000749600000, 0x0000000749600000| Complete 
|  49|0x0000000749800000, 0x0000000749a00000, 0x0000000749a00000|100%|HC|  |TAMS 0x0000000749800000, 0x0000000749800000| Complete 
|  50|0x0000000749a00000, 0x0000000749c00000, 0x0000000749c00000|100%|HC|  |TAMS 0x0000000749a00000, 0x0000000749a00000| Complete 
|  51|0x0000000749c00000, 0x0000000749e00000, 0x0000000749e00000|100%|HC|  |TAMS 0x0000000749c00000, 0x0000000749c00000| Complete 
|  52|0x0000000749e00000, 0x000000074a000000, 0x000000074a000000|100%|HC|  |TAMS 0x0000000749e00000, 0x0000000749e00000| Complete 
|  53|0x000000074a000000, 0x000000074a200000, 0x000000074a200000|100%|HC|  |TAMS 0x000000074a000000, 0x000000074a000000| Complete 
|  54|0x000000074a200000, 0x000000074a400000, 0x000000074a400000|100%|HC|  |TAMS 0x000000074a200000, 0x000000074a200000| Complete 
|  55|0x000000074a400000, 0x000000074a600000, 0x000000074a600000|100%|HC|  |TAMS 0x000000074a400000, 0x000000074a400000| Complete 
|  56|0x000000074a600000, 0x000000074a800000, 0x000000074a800000|100%|HC|  |TAMS 0x000000074a600000, 0x000000074a600000| Complete 
|  57|0x000000074a800000, 0x000000074aa00000, 0x000000074aa00000|100%|HC|  |TAMS 0x000000074a800000, 0x000000074a800000| Complete 
|  58|0x000000074aa00000, 0x000000074ac00000, 0x000000074ac00000|100%|HC|  |TAMS 0x000000074aa00000, 0x000000074aa00000| Complete 
|  59|0x000000074ac00000, 0x000000074ae00000, 0x000000074ae00000|100%|HC|  |TAMS 0x000000074ac00000, 0x000000074ac00000| Complete 
|  60|0x000000074ae00000, 0x000000074b000000, 0x000000074b000000|100%|HC|  |TAMS 0x000000074ae00000, 0x000000074ae00000| Complete 
|  61|0x000000074b000000, 0x000000074b088800, 0x000000074b200000| 26%| O|  |TAMS 0x000000074b000000, 0x000000074b000000| Untracked 
|  62|0x000000074b200000, 0x000000074b200000, 0x000000074b400000|  0%| F|  |TAMS 0x000000074b200000, 0x000000074b200000| Untracked 
|  63|0x000000074b400000, 0x000000074b400000, 0x000000074b600000|  0%| F|  |TAMS 0x000000074b400000, 0x000000074b400000| Untracked 
|  64|0x000000074b600000, 0x000000074b600000, 0x000000074b800000|  0%| F|  |TAMS 0x000000074b600000, 0x000000074b600000| Untracked 
|  65|0x000000074b800000, 0x000000074b800000, 0x000000074ba00000|  0%| F|  |TAMS 0x000000074b800000, 0x000000074b800000| Untracked 
|  66|0x000000074ba00000, 0x000000074ba00000, 0x000000074bc00000|  0%| F|  |TAMS 0x000000074ba00000, 0x000000074ba00000| Untracked 
|  67|0x000000074bc00000, 0x000000074bc00000, 0x000000074be00000|  0%| F|  |TAMS 0x000000074bc00000, 0x000000074bc00000| Untracked 
|  68|0x000000074be00000, 0x000000074be00000, 0x000000074c000000|  0%| F|  |TAMS 0x000000074be00000, 0x000000074be00000| Untracked 
|  69|0x000000074c000000, 0x000000074c000000, 0x000000074c200000|  0%| F|  |TAMS 0x000000074c000000, 0x000000074c000000| Untracked 
|  70|0x000000074c200000, 0x000000074c200000, 0x000000074c400000|  0%| F|  |TAMS 0x000000074c200000, 0x000000074c200000| Untracked 
|  71|0x000000074c400000, 0x000000074c400000, 0x000000074c600000|  0%| F|  |TAMS 0x000000074c400000, 0x000000074c400000| Untracked 
|  72|0x000000074c600000, 0x000000074c600000, 0x000000074c800000|  0%| F|  |TAMS 0x000000074c600000, 0x000000074c600000| Untracked 
|  73|0x000000074c800000, 0x000000074c800000, 0x000000074ca00000|  0%| F|  |TAMS 0x000000074c800000, 0x000000074c800000| Untracked 
|  74|0x000000074ca00000, 0x000000074ca00000, 0x000000074cc00000|  0%| F|  |TAMS 0x000000074ca00000, 0x000000074ca00000| Untracked 
|  75|0x000000074cc00000, 0x000000074cc00000, 0x000000074ce00000|  0%| F|  |TAMS 0x000000074cc00000, 0x000000074cc00000| Untracked 
|  76|0x000000074ce00000, 0x000000074ce00000, 0x000000074d000000|  0%| F|  |TAMS 0x000000074ce00000, 0x000000074ce00000| Untracked 
|  77|0x000000074d000000, 0x000000074d000000, 0x000000074d200000|  0%| F|  |TAMS 0x000000074d000000, 0x000000074d000000| Untracked 
|  78|0x000000074d200000, 0x000000074d200000, 0x000000074d400000|  0%| F|  |TAMS 0x000000074d200000, 0x000000074d200000| Untracked 
|  79|0x000000074d400000, 0x000000074d400000, 0x000000074d600000|  0%| F|  |TAMS 0x000000074d400000, 0x000000074d400000| Untracked 
|  80|0x000000074d600000, 0x000000074d600000, 0x000000074d800000|  0%| F|  |TAMS 0x000000074d600000, 0x000000074d600000| Untracked 
|  81|0x000000074d800000, 0x000000074d800000, 0x000000074da00000|  0%| F|  |TAMS 0x000000074d800000, 0x000000074d800000| Untracked 
|  82|0x000000074da00000, 0x000000074da00000, 0x000000074dc00000|  0%| F|  |TAMS 0x000000074da00000, 0x000000074da00000| Untracked 
|  83|0x000000074dc00000, 0x000000074dc00000, 0x000000074de00000|  0%| F|  |TAMS 0x000000074dc00000, 0x000000074dc00000| Untracked 
|  84|0x000000074de00000, 0x000000074de00000, 0x000000074e000000|  0%| F|  |TAMS 0x000000074de00000, 0x000000074de00000| Untracked 
|  85|0x000000074e000000, 0x000000074e000000, 0x000000074e200000|  0%| F|  |TAMS 0x000000074e000000, 0x000000074e000000| Untracked 
|  86|0x000000074e200000, 0x000000074e200000, 0x000000074e400000|  0%| F|  |TAMS 0x000000074e200000, 0x000000074e200000| Untracked 
|  87|0x000000074e400000, 0x000000074e400000, 0x000000074e600000|  0%| F|  |TAMS 0x000000074e400000, 0x000000074e400000| Untracked 
|  88|0x000000074e600000, 0x000000074e600000, 0x000000074e800000|  0%| F|  |TAMS 0x000000074e600000, 0x000000074e600000| Untracked 
|  89|0x000000074e800000, 0x000000074e800000, 0x000000074ea00000|  0%| F|  |TAMS 0x000000074e800000, 0x000000074e800000| Untracked 
|  90|0x000000074ea00000, 0x000000074ea00000, 0x000000074ec00000|  0%| F|  |TAMS 0x000000074ea00000, 0x000000074ea00000| Untracked 
|  91|0x000000074ec00000, 0x000000074ec00000, 0x000000074ee00000|  0%| F|  |TAMS 0x000000074ec00000, 0x000000074ec00000| Untracked 
|  92|0x000000074ee00000, 0x000000074ee00000, 0x000000074f000000|  0%| F|  |TAMS 0x000000074ee00000, 0x000000074ee00000| Untracked 
|  93|0x000000074f000000, 0x000000074f000000, 0x000000074f200000|  0%| F|  |TAMS 0x000000074f000000, 0x000000074f000000| Untracked 
|  94|0x000000074f200000, 0x000000074f200000, 0x000000074f400000|  0%| F|  |TAMS 0x000000074f200000, 0x000000074f200000| Untracked 
|  95|0x000000074f400000, 0x000000074f400000, 0x000000074f600000|  0%| F|  |TAMS 0x000000074f400000, 0x000000074f400000| Untracked 
|  96|0x000000074f600000, 0x000000074f600000, 0x000000074f800000|  0%| F|  |TAMS 0x000000074f600000, 0x000000074f600000| Untracked 
|  97|0x000000074f800000, 0x000000074f800000, 0x000000074fa00000|  0%| F|  |TAMS 0x000000074f800000, 0x000000074f800000| Untracked 
|  98|0x000000074fa00000, 0x000000074fa00000, 0x000000074fc00000|  0%| F|  |TAMS 0x000000074fa00000, 0x000000074fa00000| Untracked 
|  99|0x000000074fc00000, 0x000000074fc00000, 0x000000074fe00000|  0%| F|  |TAMS 0x000000074fc00000, 0x000000074fc00000| Untracked 
| 100|0x000000074fe00000, 0x000000074fe00000, 0x0000000750000000|  0%| F|  |TAMS 0x000000074fe00000, 0x000000074fe00000| Untracked 
| 101|0x0000000750000000, 0x0000000750000000, 0x0000000750200000|  0%| F|  |TAMS 0x0000000750000000, 0x0000000750000000| Untracked 
| 102|0x0000000750200000, 0x0000000750200000, 0x0000000750400000|  0%| F|  |TAMS 0x0000000750200000, 0x0000000750200000| Untracked 
| 103|0x0000000750400000, 0x0000000750400000, 0x0000000750600000|  0%| F|  |TAMS 0x0000000750400000, 0x0000000750400000| Untracked 
| 104|0x0000000750600000, 0x0000000750600000, 0x0000000750800000|  0%| F|  |TAMS 0x0000000750600000, 0x0000000750600000| Untracked 
| 105|0x0000000750800000, 0x0000000750800000, 0x0000000750a00000|  0%| F|  |TAMS 0x0000000750800000, 0x0000000750800000| Untracked 
| 106|0x0000000750a00000, 0x0000000750a00000, 0x0000000750c00000|  0%| F|  |TAMS 0x0000000750a00000, 0x0000000750a00000| Untracked 
| 107|0x0000000750c00000, 0x0000000750c00000, 0x0000000750e00000|  0%| F|  |TAMS 0x0000000750c00000, 0x0000000750c00000| Untracked 
| 108|0x0000000750e00000, 0x0000000750e00000, 0x0000000751000000|  0%| F|  |TAMS 0x0000000750e00000, 0x0000000750e00000| Untracked 
| 109|0x0000000751000000, 0x0000000751000000, 0x0000000751200000|  0%| F|  |TAMS 0x0000000751000000, 0x0000000751000000| Untracked 
| 110|0x0000000751200000, 0x0000000751200000, 0x0000000751400000|  0%| F|  |TAMS 0x0000000751200000, 0x0000000751200000| Untracked 
| 111|0x0000000751400000, 0x0000000751400000, 0x0000000751600000|  0%| F|  |TAMS 0x0000000751400000, 0x0000000751400000| Untracked 
| 112|0x0000000751600000, 0x0000000751600000, 0x0000000751800000|  0%| F|  |TAMS 0x0000000751600000, 0x0000000751600000| Untracked 
| 113|0x0000000751800000, 0x0000000751800000, 0x0000000751a00000|  0%| F|  |TAMS 0x0000000751800000, 0x0000000751800000| Untracked 
| 114|0x0000000751a00000, 0x0000000751a00000, 0x0000000751c00000|  0%| F|  |TAMS 0x0000000751a00000, 0x0000000751a00000| Untracked 
| 115|0x0000000751c00000, 0x0000000751c00000, 0x0000000751e00000|  0%| F|  |TAMS 0x0000000751c00000, 0x0000000751c00000| Untracked 
| 116|0x0000000751e00000, 0x0000000751e00000, 0x0000000752000000|  0%| F|  |TAMS 0x0000000751e00000, 0x0000000751e00000| Untracked 
| 117|0x0000000752000000, 0x0000000752000000, 0x0000000752200000|  0%| F|  |TAMS 0x0000000752000000, 0x0000000752000000| Untracked 
| 118|0x0000000752200000, 0x0000000752200000, 0x0000000752400000|  0%| F|  |TAMS 0x0000000752200000, 0x0000000752200000| Untracked 
| 119|0x0000000752400000, 0x0000000752400000, 0x0000000752600000|  0%| F|  |TAMS 0x0000000752400000, 0x0000000752400000| Untracked 
| 120|0x0000000752600000, 0x0000000752600000, 0x0000000752800000|  0%| F|  |TAMS 0x0000000752600000, 0x0000000752600000| Untracked 
| 121|0x0000000752800000, 0x0000000752800000, 0x0000000752a00000|  0%| F|  |TAMS 0x0000000752800000, 0x0000000752800000| Untracked 
| 122|0x0000000752a00000, 0x0000000752a00000, 0x0000000752c00000|  0%| F|  |TAMS 0x0000000752a00000, 0x0000000752a00000| Untracked 
| 123|0x0000000752c00000, 0x0000000752c00000, 0x0000000752e00000|  0%| F|  |TAMS 0x0000000752c00000, 0x0000000752c00000| Untracked 
| 124|0x0000000752e00000, 0x0000000752e00000, 0x0000000753000000|  0%| F|  |TAMS 0x0000000752e00000, 0x0000000752e00000| Untracked 
| 125|0x0000000753000000, 0x0000000753000000, 0x0000000753200000|  0%| F|  |TAMS 0x0000000753000000, 0x0000000753000000| Untracked 
| 126|0x0000000753200000, 0x0000000753200000, 0x0000000753400000|  0%| F|  |TAMS 0x0000000753200000, 0x0000000753200000| Untracked 
| 127|0x0000000753400000, 0x0000000753400000, 0x0000000753600000|  0%| F|  |TAMS 0x0000000753400000, 0x0000000753400000| Untracked 
| 128|0x0000000753600000, 0x0000000753600000, 0x0000000753800000|  0%| F|  |TAMS 0x0000000753600000, 0x0000000753600000| Untracked 
| 129|0x0000000753800000, 0x0000000753800000, 0x0000000753a00000|  0%| F|  |TAMS 0x0000000753800000, 0x0000000753800000| Untracked 
| 130|0x0000000753a00000, 0x0000000753a00000, 0x0000000753c00000|  0%| F|  |TAMS 0x0000000753a00000, 0x0000000753a00000| Untracked 
| 131|0x0000000753c00000, 0x0000000753c00000, 0x0000000753e00000|  0%| F|  |TAMS 0x0000000753c00000, 0x0000000753c00000| Untracked 
| 132|0x0000000753e00000, 0x0000000753e00000, 0x0000000754000000|  0%| F|  |TAMS 0x0000000753e00000, 0x0000000753e00000| Untracked 
| 133|0x0000000754000000, 0x0000000754000000, 0x0000000754200000|  0%| F|  |TAMS 0x0000000754000000, 0x0000000754000000| Untracked 
| 134|0x0000000754200000, 0x0000000754200000, 0x0000000754400000|  0%| F|  |TAMS 0x0000000754200000, 0x0000000754200000| Untracked 
| 135|0x0000000754400000, 0x0000000754400000, 0x0000000754600000|  0%| F|  |TAMS 0x0000000754400000, 0x0000000754400000| Untracked 
| 136|0x0000000754600000, 0x0000000754600000, 0x0000000754800000|  0%| F|  |TAMS 0x0000000754600000, 0x0000000754600000| Untracked 
| 137|0x0000000754800000, 0x0000000754800000, 0x0000000754a00000|  0%| F|  |TAMS 0x0000000754800000, 0x0000000754800000| Untracked 
| 138|0x0000000754a00000, 0x0000000754a00000, 0x0000000754c00000|  0%| F|  |TAMS 0x0000000754a00000, 0x0000000754a00000| Untracked 
| 139|0x0000000754c00000, 0x0000000754c00000, 0x0000000754e00000|  0%| F|  |TAMS 0x0000000754c00000, 0x0000000754c00000| Untracked 
| 140|0x0000000754e00000, 0x0000000754e00000, 0x0000000755000000|  0%| F|  |TAMS 0x0000000754e00000, 0x0000000754e00000| Untracked 
| 141|0x0000000755000000, 0x0000000755000000, 0x0000000755200000|  0%| F|  |TAMS 0x0000000755000000, 0x0000000755000000| Untracked 
| 142|0x0000000755200000, 0x0000000755200000, 0x0000000755400000|  0%| F|  |TAMS 0x0000000755200000, 0x0000000755200000| Untracked 
| 143|0x0000000755400000, 0x0000000755400000, 0x0000000755600000|  0%| F|  |TAMS 0x0000000755400000, 0x0000000755400000| Untracked 
| 144|0x0000000755600000, 0x0000000755600000, 0x0000000755800000|  0%| F|  |TAMS 0x0000000755600000, 0x0000000755600000| Untracked 
| 145|0x0000000755800000, 0x0000000755800000, 0x0000000755a00000|  0%| F|  |TAMS 0x0000000755800000, 0x0000000755800000| Untracked 
| 146|0x0000000755a00000, 0x0000000755a00000, 0x0000000755c00000|  0%| F|  |TAMS 0x0000000755a00000, 0x0000000755a00000| Untracked 
| 147|0x0000000755c00000, 0x0000000755c00000, 0x0000000755e00000|  0%| F|  |TAMS 0x0000000755c00000, 0x0000000755c00000| Untracked 
| 148|0x0000000755e00000, 0x0000000755e00000, 0x0000000756000000|  0%| F|  |TAMS 0x0000000755e00000, 0x0000000755e00000| Untracked 
| 149|0x0000000756000000, 0x0000000756000000, 0x0000000756200000|  0%| F|  |TAMS 0x0000000756000000, 0x0000000756000000| Untracked 
| 150|0x0000000756200000, 0x0000000756200000, 0x0000000756400000|  0%| F|  |TAMS 0x0000000756200000, 0x0000000756200000| Untracked 
| 151|0x0000000756400000, 0x0000000756400000, 0x0000000756600000|  0%| F|  |TAMS 0x0000000756400000, 0x0000000756400000| Untracked 
| 152|0x0000000756600000, 0x0000000756600000, 0x0000000756800000|  0%| F|  |TAMS 0x0000000756600000, 0x0000000756600000| Untracked 
| 153|0x0000000756800000, 0x0000000756800000, 0x0000000756a00000|  0%| F|  |TAMS 0x0000000756800000, 0x0000000756800000| Untracked 
| 154|0x0000000756a00000, 0x0000000756a00000, 0x0000000756c00000|  0%| F|  |TAMS 0x0000000756a00000, 0x0000000756a00000| Untracked 
| 155|0x0000000756c00000, 0x0000000756c00000, 0x0000000756e00000|  0%| F|  |TAMS 0x0000000756c00000, 0x0000000756c00000| Untracked 
| 156|0x0000000756e00000, 0x0000000756e00000, 0x0000000757000000|  0%| F|  |TAMS 0x0000000756e00000, 0x0000000756e00000| Untracked 
| 157|0x0000000757000000, 0x0000000757000000, 0x0000000757200000|  0%| F|  |TAMS 0x0000000757000000, 0x0000000757000000| Untracked 
| 158|0x0000000757200000, 0x0000000757200000, 0x0000000757400000|  0%| F|  |TAMS 0x0000000757200000, 0x0000000757200000| Untracked 
| 159|0x0000000757400000, 0x0000000757400000, 0x0000000757600000|  0%| F|  |TAMS 0x0000000757400000, 0x0000000757400000| Untracked 
| 160|0x0000000757600000, 0x0000000757600000, 0x0000000757800000|  0%| F|  |TAMS 0x0000000757600000, 0x0000000757600000| Untracked 
| 161|0x0000000757800000, 0x0000000757800000, 0x0000000757a00000|  0%| F|  |TAMS 0x0000000757800000, 0x0000000757800000| Untracked 
| 162|0x0000000757a00000, 0x0000000757a00000, 0x0000000757c00000|  0%| F|  |TAMS 0x0000000757a00000, 0x0000000757a00000| Untracked 
| 163|0x0000000757c00000, 0x0000000757c00000, 0x0000000757e00000|  0%| F|  |TAMS 0x0000000757c00000, 0x0000000757c00000| Untracked 
| 164|0x0000000757e00000, 0x0000000757e00000, 0x0000000758000000|  0%| F|  |TAMS 0x0000000757e00000, 0x0000000757e00000| Untracked 
| 165|0x0000000758000000, 0x0000000758000000, 0x0000000758200000|  0%| F|  |TAMS 0x0000000758000000, 0x0000000758000000| Untracked 
| 166|0x0000000758200000, 0x0000000758200000, 0x0000000758400000|  0%| F|  |TAMS 0x0000000758200000, 0x0000000758200000| Untracked 
| 167|0x0000000758400000, 0x0000000758400000, 0x0000000758600000|  0%| F|  |TAMS 0x0000000758400000, 0x0000000758400000| Untracked 
| 168|0x0000000758600000, 0x0000000758600000, 0x0000000758800000|  0%| F|  |TAMS 0x0000000758600000, 0x0000000758600000| Untracked 
| 169|0x0000000758800000, 0x0000000758800000, 0x0000000758a00000|  0%| F|  |TAMS 0x0000000758800000, 0x0000000758800000| Untracked 
| 170|0x0000000758a00000, 0x0000000758a00000, 0x0000000758c00000|  0%| F|  |TAMS 0x0000000758a00000, 0x0000000758a00000| Untracked 
| 171|0x0000000758c00000, 0x0000000758c00000, 0x0000000758e00000|  0%| F|  |TAMS 0x0000000758c00000, 0x0000000758c00000| Untracked 
| 172|0x0000000758e00000, 0x0000000758e00000, 0x0000000759000000|  0%| F|  |TAMS 0x0000000758e00000, 0x0000000758e00000| Untracked 
| 173|0x0000000759000000, 0x0000000759000000, 0x0000000759200000|  0%| F|  |TAMS 0x0000000759000000, 0x0000000759000000| Untracked 
| 174|0x0000000759200000, 0x0000000759200000, 0x0000000759400000|  0%| F|  |TAMS 0x0000000759200000, 0x0000000759200000| Untracked 
| 175|0x0000000759400000, 0x0000000759400000, 0x0000000759600000|  0%| F|  |TAMS 0x0000000759400000, 0x0000000759400000| Untracked 
| 176|0x0000000759600000, 0x0000000759600000, 0x0000000759800000|  0%| F|  |TAMS 0x0000000759600000, 0x0000000759600000| Untracked 
| 177|0x0000000759800000, 0x0000000759800000, 0x0000000759a00000|  0%| F|  |TAMS 0x0000000759800000, 0x0000000759800000| Untracked 
| 178|0x0000000759a00000, 0x0000000759a00000, 0x0000000759c00000|  0%| F|  |TAMS 0x0000000759a00000, 0x0000000759a00000| Untracked 
| 179|0x0000000759c00000, 0x0000000759c00000, 0x0000000759e00000|  0%| F|  |TAMS 0x0000000759c00000, 0x0000000759c00000| Untracked 
| 180|0x0000000759e00000, 0x0000000759e00000, 0x000000075a000000|  0%| F|  |TAMS 0x0000000759e00000, 0x0000000759e00000| Untracked 
| 181|0x000000075a000000, 0x000000075a000000, 0x000000075a200000|  0%| F|  |TAMS 0x000000075a000000, 0x000000075a000000| Untracked 
| 182|0x000000075a200000, 0x000000075a200000, 0x000000075a400000|  0%| F|  |TAMS 0x000000075a200000, 0x000000075a200000| Untracked 
| 183|0x000000075a400000, 0x000000075a400000, 0x000000075a600000|  0%| F|  |TAMS 0x000000075a400000, 0x000000075a400000| Untracked 
| 184|0x000000075a600000, 0x000000075a600000, 0x000000075a800000|  0%| F|  |TAMS 0x000000075a600000, 0x000000075a600000| Untracked 
| 185|0x000000075a800000, 0x000000075a800000, 0x000000075aa00000|  0%| F|  |TAMS 0x000000075a800000, 0x000000075a800000| Untracked 
| 186|0x000000075aa00000, 0x000000075aa00000, 0x000000075ac00000|  0%| F|  |TAMS 0x000000075aa00000, 0x000000075aa00000| Untracked 
| 187|0x000000075ac00000, 0x000000075ac00000, 0x000000075ae00000|  0%| F|  |TAMS 0x000000075ac00000, 0x000000075ac00000| Untracked 
| 188|0x000000075ae00000, 0x000000075ae00000, 0x000000075b000000|  0%| F|  |TAMS 0x000000075ae00000, 0x000000075ae00000| Untracked 
| 189|0x000000075b000000, 0x000000075b000000, 0x000000075b200000|  0%| F|  |TAMS 0x000000075b000000, 0x000000075b000000| Untracked 
| 190|0x000000075b200000, 0x000000075b200000, 0x000000075b400000|  0%| F|  |TAMS 0x000000075b200000, 0x000000075b200000| Untracked 
| 191|0x000000075b400000, 0x000000075b400000, 0x000000075b600000|  0%| F|  |TAMS 0x000000075b400000, 0x000000075b400000| Untracked 
| 192|0x000000075b600000, 0x000000075b600000, 0x000000075b800000|  0%| F|  |TAMS 0x000000075b600000, 0x000000075b600000| Untracked 
| 193|0x000000075b800000, 0x000000075b800000, 0x000000075ba00000|  0%| F|  |TAMS 0x000000075b800000, 0x000000075b800000| Untracked 
| 194|0x000000075ba00000, 0x000000075ba00000, 0x000000075bc00000|  0%| F|  |TAMS 0x000000075ba00000, 0x000000075ba00000| Untracked 
| 195|0x000000075bc00000, 0x000000075bc00000, 0x000000075be00000|  0%| F|  |TAMS 0x000000075bc00000, 0x000000075bc00000| Untracked 
| 196|0x000000075be00000, 0x000000075be00000, 0x000000075c000000|  0%| F|  |TAMS 0x000000075be00000, 0x000000075be00000| Untracked 
| 197|0x000000075c000000, 0x000000075c000000, 0x000000075c200000|  0%| F|  |TAMS 0x000000075c000000, 0x000000075c000000| Untracked 
| 198|0x000000075c200000, 0x000000075c200000, 0x000000075c400000|  0%| F|  |TAMS 0x000000075c200000, 0x000000075c200000| Untracked 
| 199|0x000000075c400000, 0x000000075c400000, 0x000000075c600000|  0%| F|  |TAMS 0x000000075c400000, 0x000000075c400000| Untracked 
| 200|0x000000075c600000, 0x000000075c600000, 0x000000075c800000|  0%| F|  |TAMS 0x000000075c600000, 0x000000075c600000| Untracked 
| 201|0x000000075c800000, 0x000000075c800000, 0x000000075ca00000|  0%| F|  |TAMS 0x000000075c800000, 0x000000075c800000| Untracked 
| 202|0x000000075ca00000, 0x000000075ca00000, 0x000000075cc00000|  0%| F|  |TAMS 0x000000075ca00000, 0x000000075ca00000| Untracked 
| 203|0x000000075cc00000, 0x000000075cc00000, 0x000000075ce00000|  0%| F|  |TAMS 0x000000075cc00000, 0x000000075cc00000| Untracked 
| 204|0x000000075ce00000, 0x000000075ce00000, 0x000000075d000000|  0%| F|  |TAMS 0x000000075ce00000, 0x000000075ce00000| Untracked 
| 205|0x000000075d000000, 0x000000075d000000, 0x000000075d200000|  0%| F|  |TAMS 0x000000075d000000, 0x000000075d000000| Untracked 
| 206|0x000000075d200000, 0x000000075d200000, 0x000000075d400000|  0%| F|  |TAMS 0x000000075d200000, 0x000000075d200000| Untracked 
| 207|0x000000075d400000, 0x000000075d400000, 0x000000075d600000|  0%| F|  |TAMS 0x000000075d400000, 0x000000075d400000| Untracked 
| 208|0x000000075d600000, 0x000000075d600000, 0x000000075d800000|  0%| F|  |TAMS 0x000000075d600000, 0x000000075d600000| Untracked 
| 209|0x000000075d800000, 0x000000075d800000, 0x000000075da00000|  0%| F|  |TAMS 0x000000075d800000, 0x000000075d800000| Untracked 
| 210|0x000000075da00000, 0x000000075da00000, 0x000000075dc00000|  0%| F|  |TAMS 0x000000075da00000, 0x000000075da00000| Untracked 
| 211|0x000000075dc00000, 0x000000075dc00000, 0x000000075de00000|  0%| F|  |TAMS 0x000000075dc00000, 0x000000075dc00000| Untracked 
| 212|0x000000075de00000, 0x000000075de00000, 0x000000075e000000|  0%| F|  |TAMS 0x000000075de00000, 0x000000075de00000| Untracked 
| 213|0x000000075e000000, 0x000000075e000000, 0x000000075e200000|  0%| F|  |TAMS 0x000000075e000000, 0x000000075e000000| Untracked 
| 214|0x000000075e200000, 0x000000075e200000, 0x000000075e400000|  0%| F|  |TAMS 0x000000075e200000, 0x000000075e200000| Untracked 
| 215|0x000000075e400000, 0x000000075e400000, 0x000000075e600000|  0%| F|  |TAMS 0x000000075e400000, 0x000000075e400000| Untracked 
| 216|0x000000075e600000, 0x000000075e600000, 0x000000075e800000|  0%| F|  |TAMS 0x000000075e600000, 0x000000075e600000| Untracked 
| 217|0x000000075e800000, 0x000000075e963bf0, 0x000000075ea00000| 69%| S|CS|TAMS 0x000000075e800000, 0x000000075e800000| Complete 
| 218|0x000000075ea00000, 0x000000075ea00000, 0x000000075ec00000|  0%| F|  |TAMS 0x000000075ea00000, 0x000000075ea00000| Untracked 
| 219|0x000000075ec00000, 0x000000075ec00000, 0x000000075ee00000|  0%| F|  |TAMS 0x000000075ec00000, 0x000000075ec00000| Untracked 
| 220|0x000000075ee00000, 0x000000075ee00000, 0x000000075f000000|  0%| F|  |TAMS 0x000000075ee00000, 0x000000075ee00000| Untracked 
| 221|0x000000075f000000, 0x000000075f000000, 0x000000075f200000|  0%| F|  |TAMS 0x000000075f000000, 0x000000075f000000| Untracked 
| 222|0x000000075f200000, 0x000000075f200000, 0x000000075f400000|  0%| F|  |TAMS 0x000000075f200000, 0x000000075f200000| Untracked 
| 223|0x000000075f400000, 0x000000075f400000, 0x000000075f600000|  0%| F|  |TAMS 0x000000075f400000, 0x000000075f400000| Untracked 
| 224|0x000000075f600000, 0x000000075f600000, 0x000000075f800000|  0%| F|  |TAMS 0x000000075f600000, 0x000000075f600000| Untracked 
| 225|0x000000075f800000, 0x000000075f800000, 0x000000075fa00000|  0%| F|  |TAMS 0x000000075f800000, 0x000000075f800000| Untracked 
| 226|0x000000075fa00000, 0x000000075fa00000, 0x000000075fc00000|  0%| F|  |TAMS 0x000000075fa00000, 0x000000075fa00000| Untracked 
| 227|0x000000075fc00000, 0x000000075fc00000, 0x000000075fe00000|  0%| F|  |TAMS 0x000000075fc00000, 0x000000075fc00000| Untracked 
| 228|0x000000075fe00000, 0x000000075fe00000, 0x0000000760000000|  0%| F|  |TAMS 0x000000075fe00000, 0x000000075fe00000| Untracked 
| 229|0x0000000760000000, 0x0000000760000000, 0x0000000760200000|  0%| F|  |TAMS 0x0000000760000000, 0x0000000760000000| Untracked 
| 230|0x0000000760200000, 0x0000000760200000, 0x0000000760400000|  0%| F|  |TAMS 0x0000000760200000, 0x0000000760200000| Untracked 
| 231|0x0000000760400000, 0x0000000760400000, 0x0000000760600000|  0%| F|  |TAMS 0x0000000760400000, 0x0000000760400000| Untracked 
| 232|0x0000000760600000, 0x0000000760600000, 0x0000000760800000|  0%| F|  |TAMS 0x0000000760600000, 0x0000000760600000| Untracked 
| 233|0x0000000760800000, 0x0000000760800000, 0x0000000760a00000|  0%| F|  |TAMS 0x0000000760800000, 0x0000000760800000| Untracked 
| 234|0x0000000760a00000, 0x0000000760a00000, 0x0000000760c00000|  0%| F|  |TAMS 0x0000000760a00000, 0x0000000760a00000| Untracked 

Card table byte_map: [0x000002487d400000,0x000002487d9f0000] _byte_map_base: 0x00000248799e5000

Marking Bits (Prev, Next): (CMBitMap*) 0x000002487ab2d950, (CMBitMap*) 0x000002487ab2d990
 Prev Bits: [0x0000024816870000, 0x0000024819798000)
 Next Bits: [0x00000248197a0000, 0x000002481c6c8000)

Polling page: 0x000002487ab90000

Metaspace:

Usage:
  Non-class:     14.35 MB used.
      Class:      2.45 MB used.
       Both:     16.80 MB used.

Virtual space:
  Non-class space:       64.00 MB reserved,      14.50 MB ( 23%) committed,  1 nodes.
      Class space:        1.00 GB reserved,       2.62 MB ( <1%) committed,  1 nodes.
             Both:        1.06 GB reserved,      17.12 MB (  2%) committed. 

Chunk freelists:
   Non-Class:  928.00 KB
       Class:  1.41 MB
        Both:  2.32 MB

MaxMetaspaceSize: unlimited
CompressedClassSpaceSize: 1.00 GB
Initial GC threshold: 21.00 MB
Current GC threshold: 21.00 MB
CDS: on
MetaspaceReclaimPolicy: balanced
 - commit_granule_bytes: 65536.
 - commit_granule_words: 8192.
 - virtual_space_node_default_size: 8388608.
 - enlarge_chunks_in_place: 1.
 - new_chunks_are_fully_committed: 0.
 - uncommit_free_chunks: 1.
 - use_allocation_guard: 0.


Internal statistics:

num_allocs_failed_limit: 0.
num_arena_births: 286.
num_arena_deaths: 0.
num_vsnodes_births: 2.
num_vsnodes_deaths: 0.
num_space_committed: 274.
num_space_uncommitted: 0.
num_chunks_returned_to_freelist: 0.
num_chunks_taken_from_freelist: 885.
num_chunk_merges: 0.
num_chunk_splits: 618.
num_chunks_enlarged: 494.
num_inconsistent_stats: 0.

CodeHeap 'non-profiled nmethods': size=120000Kb used=2403Kb max_used=2403Kb free=117596Kb
 bounds [0x000002480f340000, 0x000002480f5b0000, 0x0000024816870000]
CodeHeap 'profiled nmethods': size=120000Kb used=9257Kb max_used=9257Kb free=110742Kb
 bounds [0x0000024807e10000, 0x0000024808720000, 0x000002480f340000]
CodeHeap 'non-nmethods': size=5760Kb used=1474Kb max_used=1556Kb free=4285Kb
 bounds [0x0000024807870000, 0x0000024807ae0000, 0x0000024807e10000]
 total_blobs=5264 nmethods=4435 adapters=739
 compilation: enabled
              stopped_count=0, restarted_count=0
 full_count=0

Compilation events (20 events):
Event: 26.837 Thread 0x0000024822a4fa50 nmethod 4450 0x000002480f590a90 code [0x000002480f590c00, 0x000002480f590cd8]
Event: 26.837 Thread 0x0000024822a4fa50 4449       4       Strom.Table.AbstrTable$2::hasNext (25 bytes)
Event: 26.838 Thread 0x0000024822a4fa50 nmethod 4449 0x000002480f590d90 code [0x000002480f590f20, 0x000002480f591058]
Event: 26.838 Thread 0x0000024822a4fa50 4451       4       Strom.Table.AbstrTable$2::next (76 bytes)
Event: 26.849 Thread 0x000002487e64e6c0 4454 %     3       Strom.ProgPamatky.MainFX::obnovList @ 44 (79 bytes)
Event: 26.851 Thread 0x000002487e64e6c0 nmethod 4454% 0x0000024808717710 code [0x00000248087179c0, 0x0000024808718ab8]
Event: 26.857 Thread 0x000002487e6434a0 nmethod 4445 0x000002480f591190 code [0x000002480f591480, 0x000002480f5926a8]
Event: 26.857 Thread 0x000002487e6434a0 4448       4       javafx.scene.control.skin.ListViewSkin$1::onChanged (107 bytes)
Event: 26.859 Thread 0x000002487e64e6c0 4455       3       Strom.ProgPamatky.MainFX::obnovList (79 bytes)
Event: 26.861 Thread 0x000002487e64e6c0 nmethod 4455 0x0000024808718f90 code [0x0000024808719240, 0x000002480871a2b8]
Event: 26.865 Thread 0x000002487e6434a0 nmethod 4448 0x000002480f593290 code [0x000002480f593460, 0x000002480f5937e8]
Event: 26.865 Thread 0x000002487e6434a0 4452   !   4       Strom.AbstLIFOFIFO.AbstrFifo::odeber (20 bytes)
Event: 26.870 Thread 0x000002487e6434a0 nmethod 4452 0x000002480f593d10 code [0x000002480f593ea0, 0x000002480f594298]
Event: 26.870 Thread 0x000002487e6434a0 4453       4       Strom.DoubleList.AbstrDoubleList::odeberPrvni (60 bytes)
Event: 26.871 Thread 0x0000024822a4fa50 nmethod 4451 0x000002480f594410 code [0x000002480f594620, 0x000002480f595d18]
Event: 26.872 Thread 0x0000024822a4fa50 4447       4       com.sun.javafx.scene.control.behavior.CellBehaviorBase::hasNonDefaultAnchor (39 bytes)
Event: 26.874 Thread 0x000002487e6434a0 nmethod 4453 0x000002480f596210 code [0x000002480f596380, 0x000002480f596738]
Event: 26.897 Thread 0x000002487e6434a0 4456 %     4       Strom.ProgPamatky.MainFX::obnovList @ 44 (79 bytes)
Event: 26.905 Thread 0x000002487e6434a0 nmethod 4456% 0x000002480f596810 code [0x000002480f596a00, 0x000002480f596ea8]
Event: 26.906 Thread 0x0000024822a4fa50 nmethod 4447 0x000002480f597390 code [0x000002480f597660, 0x000002480f5985a8]

GC Heap History (20 events):
Event: 27.166 GC heap after
{Heap after GC invocations=8 (full 0):
 garbage-first heap   total 194560K, used 14292K [0x0000000743600000, 0x0000000800000000)
  region size 2048K, 4 young (8192K), 4 survivors (8192K)
 Metaspace       used 17200K, committed 17536K, reserved 1114112K
  class space    used 2509K, committed 2688K, reserved 1048576K
}
Event: 27.700 GC heap before
{Heap before GC invocations=8 (full 0):
 garbage-first heap   total 194560K, used 137172K [0x0000000743600000, 0x0000000800000000)
  region size 2048K, 57 young (116736K), 4 survivors (8192K)
 Metaspace       used 17200K, committed 17536K, reserved 1114112K
  class space    used 2509K, committed 2688K, reserved 1048576K
}
Event: 27.722 GC heap after
{Heap after GC invocations=9 (full 0):
 garbage-first heap   total 194560K, used 28780K [0x0000000743600000, 0x0000000800000000)
  region size 2048K, 4 young (8192K), 4 survivors (8192K)
 Metaspace       used 17200K, committed 17536K, reserved 1114112K
  class space    used 2509K, committed 2688K, reserved 1048576K
}
Event: 28.277 GC heap before
{Heap before GC invocations=9 (full 0):
 garbage-first heap   total 194560K, used 145516K [0x0000000743600000, 0x0000000800000000)
  region size 2048K, 57 young (116736K), 4 survivors (8192K)
 Metaspace       used 17200K, committed 17536K, reserved 1114112K
  class space    used 2509K, committed 2688K, reserved 1048576K
}
Event: 28.311 GC heap after
{Heap after GC invocations=10 (full 0):
 garbage-first heap   total 274432K, used 37198K [0x0000000743600000, 0x0000000800000000)
  region size 2048K, 4 young (8192K), 4 survivors (8192K)
 Metaspace       used 17200K, committed 17536K, reserved 1114112K
  class space    used 2509K, committed 2688K, reserved 1048576K
}
Event: 29.189 GC heap before
{Heap before GC invocations=10 (full 0):
 garbage-first heap   total 274432K, used 205134K [0x0000000743600000, 0x0000000800000000)
  region size 2048K, 80 young (163840K), 4 survivors (8192K)
 Metaspace       used 17200K, committed 17536K, reserved 1114112K
  class space    used 2509K, committed 2688K, reserved 1048576K
}
Event: 29.241 GC heap after
{Heap after GC invocations=11 (full 0):
 garbage-first heap   total 274432K, used 49345K [0x0000000743600000, 0x0000000800000000)
  region size 2048K, 4 young (8192K), 4 survivors (8192K)
 Metaspace       used 17200K, committed 17536K, reserved 1114112K
  class space    used 2509K, committed 2688K, reserved 1048576K
}
Event: 30.057 GC heap before
{Heap before GC invocations=11 (full 0):
 garbage-first heap   total 274432K, used 221377K [0x0000000743600000, 0x0000000800000000)
  region size 2048K, 80 young (163840K), 4 survivors (8192K)
 Metaspace       used 17200K, committed 17536K, reserved 1114112K
  class space    used 2509K, committed 2688K, reserved 1048576K
}
Event: 30.134 GC heap after
{Heap after GC invocations=12 (full 0):
 garbage-first heap   total 274432K, used 65926K [0x0000000743600000, 0x0000000800000000)
  region size 2048K, 4 young (8192K), 4 survivors (8192K)
 Metaspace       used 17200K, committed 17536K, reserved 1114112K
  class space    used 2509K, committed 2688K, reserved 1048576K
}
Event: 30.944 GC heap before
{Heap before GC invocations=12 (full 0):
 garbage-first heap   total 274432K, used 221574K [0x0000000743600000, 0x0000000800000000)
  region size 2048K, 80 young (163840K), 4 survivors (8192K)
 Metaspace       used 17200K, committed 17536K, reserved 1114112K
  class space    used 2509K, committed 2688K, reserved 1048576K
}
Event: 31.021 GC heap after
{Heap after GC invocations=13 (full 0):
 garbage-first heap   total 274432K, used 65704K [0x0000000743600000, 0x0000000800000000)
  region size 2048K, 4 young (8192K), 4 survivors (8192K)
 Metaspace       used 17200K, committed 17536K, reserved 1114112K
  class space    used 2509K, committed 2688K, reserved 1048576K
}
Event: 31.837 GC heap before
{Heap before GC invocations=13 (full 0):
 garbage-first heap   total 274432K, used 245928K [0x0000000743600000, 0x0000000800000000)
  region size 2048K, 80 young (163840K), 4 survivors (8192K)
 Metaspace       used 17200K, committed 17536K, reserved 1114112K
  class space    used 2509K, committed 2688K, reserved 1048576K
}
Event: 31.960 GC heap after
{Heap after GC invocations=14 (full 0):
 garbage-first heap   total 481280K, used 90511K [0x0000000743600000, 0x0000000800000000)
  region size 2048K, 4 young (8192K), 4 survivors (8192K)
 Metaspace       used 17200K, committed 17536K, reserved 1114112K
  class space    used 2509K, committed 2688K, reserved 1048576K
}
Event: 32.267 GC heap before
{Heap before GC invocations=14 (full 0):
 garbage-first heap   total 481280K, used 135567K [0x0000000743600000, 0x0000000800000000)
  region size 2048K, 26 young (53248K), 4 survivors (8192K)
 Metaspace       used 17200K, committed 17536K, reserved 1114112K
  class space    used 2509K, committed 2688K, reserved 1048576K
}
Event: 32.364 GC heap after
{Heap after GC invocations=15 (full 0):
 garbage-first heap   total 481280K, used 90338K [0x0000000743600000, 0x0000000800000000)
  region size 2048K, 2 young (4096K), 2 survivors (4096K)
 Metaspace       used 17200K, committed 17536K, reserved 1114112K
  class space    used 2509K, committed 2688K, reserved 1048576K
}
Event: 33.905 GC heap before
{Heap before GC invocations=15 (full 0):
 garbage-first heap   total 481280K, used 375010K [0x0000000743600000, 0x0000000800000000)
  region size 2048K, 141 young (288768K), 2 survivors (4096K)
 Metaspace       used 17200K, committed 17536K, reserved 1114112K
  class space    used 2509K, committed 2688K, reserved 1048576K
}
Event: 34.010 GC heap after
{Heap after GC invocations=16 (full 0):
 garbage-first heap   total 481280K, used 89695K [0x0000000743600000, 0x0000000800000000)
  region size 2048K, 2 young (4096K), 2 survivors (4096K)
 Metaspace       used 17200K, committed 17536K, reserved 1114112K
  class space    used 2509K, committed 2688K, reserved 1048576K
}
Event: 34.615 GC heap before
{Heap before GC invocations=16 (full 0):
 garbage-first heap   total 481280K, used 237151K [0x0000000743600000, 0x0000000800000000)
  region size 2048K, 56 young (114688K), 2 survivors (4096K)
 Metaspace       used 17200K, committed 17536K, reserved 1114112K
  class space    used 2509K, committed 2688K, reserved 1048576K
}
Event: 34.767 GC heap after
{Heap after GC invocations=17 (full 0):
 garbage-first heap   total 481280K, used 126595K [0x0000000743600000, 0x0000000800000000)
  region size 2048K, 2 young (4096K), 2 survivors (4096K)
 Metaspace       used 17200K, committed 17536K, reserved 1114112K
  class space    used 2509K, committed 2688K, reserved 1048576K
}
Event: 35.083 GC heap before
{Heap before GC invocations=17 (full 0):
 garbage-first heap   total 481280K, used 161411K [0x0000000743600000, 0x0000000800000000)
  region size 2048K, 19 young (38912K), 2 survivors (4096K)
 Metaspace       used 17200K, committed 17536K, reserved 1114112K
  class space    used 2509K, committed 2688K, reserved 1048576K
}

Deoptimization events (20 events):
Event: 26.122 Thread 0x00000248228bc620 DEOPT PACKING pc=0x000002480f519644 sp=0x00000053f3dfc260
Event: 26.122 Thread 0x00000248228bc620 DEOPT UNPACKING pc=0x00000248078c23a3 sp=0x00000053f3dfc1b0 mode 2
Event: 26.122 Thread 0x00000248228bc620 Uncommon trap: trap_request=0xffffff45 fr.pc=0x000002480f519644 relative=0x0000000000000844
Event: 26.122 Thread 0x00000248228bc620 Uncommon trap: reason=unstable_if action=reinterpret pc=0x000002480f519644 method=javafx.scene.Node.updateBounds()V @ 37 c2
Event: 26.122 Thread 0x00000248228bc620 DEOPT PACKING pc=0x000002480f519644 sp=0x00000053f3dfc2c0
Event: 26.122 Thread 0x00000248228bc620 DEOPT UNPACKING pc=0x00000248078c23a3 sp=0x00000053f3dfc210 mode 2
Event: 26.126 Thread 0x00000248228bc620 Uncommon trap: trap_request=0xffffffde fr.pc=0x000002480f472b04 relative=0x0000000000000064
Event: 26.126 Thread 0x00000248228bc620 Uncommon trap: reason=class_check action=maybe_recompile pc=0x000002480f472b04 method=java.lang.invoke.Invokers$Holder.linkToTargetMethod(Ljava/lang/Object;Ljava/lang/Object;Ljava/lang/Object;Ljava/lang/Object;)Ljava/lang/Object; @ 1 c2
Event: 26.126 Thread 0x00000248228bc620 DEOPT PACKING pc=0x000002480f472b04 sp=0x00000053f3dfc880
Event: 26.126 Thread 0x00000248228bc620 DEOPT UNPACKING pc=0x00000248078c23a3 sp=0x00000053f3dfc810 mode 2
Event: 26.130 Thread 0x00000248228bde30 Uncommon trap: trap_request=0xffffff45 fr.pc=0x000002480f43878c relative=0x000000000000008c
Event: 26.130 Thread 0x00000248228bde30 Uncommon trap: reason=unstable_if action=reinterpret pc=0x000002480f43878c method=com.sun.javafx.geom.RectBounds.isEmpty()Z @ 21 c2
Event: 26.130 Thread 0x00000248228bde30 DEOPT PACKING pc=0x000002480f43878c sp=0x00000053f3bfc8c0
Event: 26.130 Thread 0x00000248228bde30 DEOPT UNPACKING pc=0x00000248078c23a3 sp=0x00000053f3bfc850 mode 2
Event: 26.155 Thread 0x00000248228bc620 Uncommon trap: trap_request=0xffffffde fr.pc=0x000002480f472b04 relative=0x0000000000000064
Event: 26.155 Thread 0x00000248228bc620 Uncommon trap: reason=class_check action=maybe_recompile pc=0x000002480f472b04 method=java.lang.invoke.Invokers$Holder.linkToTargetMethod(Ljava/lang/Object;Ljava/lang/Object;Ljava/lang/Object;Ljava/lang/Object;)Ljava/lang/Object; @ 1 c2
Event: 26.155 Thread 0x00000248228bc620 DEOPT PACKING pc=0x000002480f472b04 sp=0x00000053f3dfc880
Event: 26.155 Thread 0x00000248228bc620 DEOPT UNPACKING pc=0x00000248078c23a3 sp=0x00000053f3dfc810 mode 2
Event: 26.906 Thread 0x00000248228bc620 DEOPT PACKING pc=0x00000248087189b7 sp=0x00000053f3dfc490
Event: 26.906 Thread 0x00000248228bc620 DEOPT UNPACKING pc=0x00000248078c2b43 sp=0x00000053f3dfb980 mode 0

Classes loaded (20 events):
Event: 8.059 Loading class java/nio/file/attribute/FileAttribute
Event: 8.059 Loading class java/nio/file/attribute/FileAttribute done
Event: 8.060 Loading class sun/nio/ch/NativeThreadSet
Event: 8.060 Loading class sun/nio/ch/NativeThreadSet done
Event: 8.060 Loading class sun/nio/ch/FileDispatcherImpl
Event: 8.060 Loading class sun/nio/ch/FileDispatcher
Event: 8.060 Loading class sun/nio/ch/FileDispatcher done
Event: 8.060 Loading class sun/nio/ch/FileDispatcherImpl done
Event: 8.060 Loading class java/nio/channels/Channels
Event: 8.060 Loading class java/nio/channels/Channels done
Event: 8.060 Loading class java/util/Scanner$PatternLRUCache
Event: 8.061 Loading class java/util/Scanner$PatternLRUCache done
Event: 8.070 Loading class java/nio/channels/spi/AbstractInterruptibleChannel$1
Event: 8.070 Loading class sun/nio/ch/Interruptible
Event: 8.070 Loading class sun/nio/ch/Interruptible done
Event: 8.070 Loading class java/nio/channels/spi/AbstractInterruptibleChannel$1 done
Event: 8.070 Loading class sun/nio/ch/IOStatus
Event: 8.070 Loading class sun/nio/ch/IOStatus done
Event: 8.071 Loading class java/util/regex/Matcher$ImmutableMatchResult
Event: 8.071 Loading class java/util/regex/Matcher$ImmutableMatchResult done

Classes unloaded (0 events):
No events

Classes redefined (0 events):
No events

Internal exceptions (20 events):
Event: 1.819 Thread 0x00000248228bc620 Exception <a 'java/lang/NoSuchMethodError'{0x000000074d9c61e8}: 'int java.lang.invoke.DirectMethodHandle$Holder.invokeSpecial(java.lang.Object, java.lang.Object, java.lang.Object, int)'> (0x000000074d9c61e8) 
thrown [s\open\src\hotspot\share\interpreter\linkResolver.cpp, line 759]
Event: 1.822 Thread 0x00000248228bc620 Exception <a 'java/lang/NoSuchMethodError'{0x000000074d9d8b10}: 'java.lang.Object java.lang.invoke.DirectMethodHandle$Holder.invokeStatic(java.lang.Object, java.lang.Object, java.lang.Object, java.lang.Object, int)'> (0x000000074d9d8b10) 
thrown [s\open\src\hotspot\share\interpreter\linkResolver.cpp, line 759]
Event: 1.823 Thread 0x00000248228bc620 Exception <a 'java/lang/NoSuchMethodError'{0x000000074d9e14d8}: 'int java.lang.invoke.DirectMethodHandle$Holder.invokeSpecial(java.lang.Object, java.lang.Object, java.lang.Object)'> (0x000000074d9e14d8) 
thrown [s\open\src\hotspot\share\interpreter\linkResolver.cpp, line 759]
Event: 1.949 Thread 0x00000248228bc620 Exception <a 'java/lang/NoSuchMethodError'{0x000000074d552ea0}: 'void java.lang.invoke.DirectMethodHandle$Holder.invokeSpecial(java.lang.Object, java.lang.Object, java.lang.Object, java.lang.Object, java.lang.Object, java.lang.Object)'> (0x000000074d552ea0) 
thrown [s\open\src\hotspot\share\interpreter\linkResolver.cpp, line 759]
Event: 2.030 Thread 0x00000248228bc620 Implicit null exception at 0x000002480f3bfd32 to 0x000002480f3c0314
Event: 2.043 Thread 0x00000248228bc620 Exception <a 'java/lang/NoSuchMethodError'{0x000000074d3fd410}: 'java.lang.Object java.lang.invoke.DirectMethodHandle$Holder.newInvokeSpecial(java.lang.Object, java.lang.Object, int)'> (0x000000074d3fd410) 
thrown [s\open\src\hotspot\share\interpreter\linkResolver.cpp, line 759]
Event: 2.108 Thread 0x00000248228bde30 Exception <a 'java/lang/NoSuchMethodError'{0x000000074d15ee38}: 'int java.lang.invoke.DirectMethodHandle$Holder.invokeStaticInit(java.lang.Object, java.lang.Object)'> (0x000000074d15ee38) 
thrown [s\open\src\hotspot\share\interpreter\linkResolver.cpp, line 759]
Event: 3.359 Thread 0x00000248228bc620 Exception <a 'java/lang/NoSuchMethodError'{0x000000074ee52f60}: 'long java.lang.invoke.DirectMethodHandle$Holder.invokeStatic(java.lang.Object, java.lang.Object, java.lang.Object)'> (0x000000074ee52f60) 
thrown [s\open\src\hotspot\share\interpreter\linkResolver.cpp, line 759]
Event: 3.359 Thread 0x00000248228bc620 Exception <a 'java/lang/NoSuchMethodError'{0x000000074ee56700}: 'long java.lang.invoke.DirectMethodHandle$Holder.invokeStaticInit(java.lang.Object, java.lang.Object, java.lang.Object)'> (0x000000074ee56700) 
thrown [s\open\src\hotspot\share\interpreter\linkResolver.cpp, line 759]
Event: 3.362 Thread 0x00000248228bc620 Exception <a 'java/lang/NoSuchMethodError'{0x000000074ee6f088}: 'java.lang.Object java.lang.invoke.DirectMethodHandle$Holder.newInvokeSpecial(java.lang.Object, java.lang.Object, long)'> (0x000000074ee6f088) 
thrown [s\open\src\hotspot\share\interpreter\linkResolver.cpp, line 759]
Event: 3.362 Thread 0x00000248228bc620 Exception <a 'java/lang/NoSuchMethodError'{0x000000074ee72c00}: 'java.lang.Object java.lang.invoke.Invokers$Holder.linkToTargetMethod(java.lang.Object, long, java.lang.Object)'> (0x000000074ee72c00) 
thrown [s\open\src\hotspot\share\interpreter\linkResolver.cpp, line 759]
Event: 8.080 Thread 0x00000248228bc620 Exception <a 'java/lang/NoSuchMethodError'{0x000000074eb21370}: 'java.lang.Object java.lang.invoke.DirectMethodHandle$Holder.invokeSpecial(java.lang.Object, java.lang.Object, int, java.lang.Object, java.lang.Object)'> (0x000000074eb21370) 
thrown [s\open\src\hotspot\share\interpreter\linkResolver.cpp, line 759]
Event: 8.773 Thread 0x00000248228bde30 Exception <a 'java/lang/NoSuchMethodError'{0x000000074e984080}: 'java.lang.Object java.lang.invoke.DirectMethodHandle$Holder.invokeStaticInit(java.lang.Object, int)'> (0x000000074e984080) 
thrown [s\open\src\hotspot\share\interpreter\linkResolver.cpp, line 759]
Event: 9.497 Thread 0x00000248228bc620 Exception <a 'java/lang/NoSuchMethodError'{0x000000074e67dca8}: 'java.lang.Object java.lang.invoke.DirectMethodHandle$Holder.newInvokeSpecial(java.lang.Object, java.lang.Object, java.lang.Object, double, double, double, double, int, int, int, int, int, int, int, int, int)'> (0x000000074e67dca8) 
thrown [s\open\src\hotspot\share\interpreter\linkResolver.cpp, line 759]
Event: 11.104 Thread 0x00000248228bc620 Exception <a 'java/lang/NoSuchMethodError'{0x000000074e58e248}: 'java.lang.Object java.lang.invoke.DirectMethodHandle$Holder.newInvokeSpecial(java.lang.Object, java.lang.Object, int, int, int, int, int, java.lang.Object)'> (0x000000074e58e248) 
thrown [s\open\src\hotspot\share\interpreter\linkResolver.cpp, line 759]
Event: 11.106 Thread 0x00000248228bc620 Exception <a 'java/lang/NoSuchMethodError'{0x000000074e5a1258}: 'java.lang.Object java.lang.invoke.DirectMethodHandle$Holder.newInvokeSpecial(java.lang.Object, java.lang.Object, java.lang.Object, int, int, int, int, int)'> (0x000000074e5a1258) 
thrown [s\open\src\hotspot\share\interpreter\linkResolver.cpp, line 759]
Event: 11.106 Thread 0x00000248228bc620 Exception <a 'java/lang/NoSuchMethodError'{0x000000074e5a8b20}: 'java.lang.Object java.lang.invoke.Invokers$Holder.linkToTargetMethod(java.lang.Object, java.lang.Object, int, int, int, int, int, java.lang.Object)'> (0x000000074e5a8b20) 
thrown [s\open\src\hotspot\share\interpreter\linkResolver.cpp, line 759]
Event: 26.066 Thread 0x00000248228bc620 Implicit null exception at 0x000002480f545843 to 0x000002480f54cd40
Event: 26.099 Thread 0x00000248228bc620 Implicit null exception at 0x000002480f51eff5 to 0x000002480f5200b0
Event: 26.100 Thread 0x00000248228bc620 Implicit null exception at 0x000002480f55fee0 to 0x000002480f560a08

VM Operations (20 events):
Event: 27.166 Executing VM operation: G1CollectForAllocation done
Event: 27.700 Executing VM operation: G1CollectForAllocation
Event: 27.722 Executing VM operation: G1CollectForAllocation done
Event: 28.277 Executing VM operation: G1CollectForAllocation
Event: 28.311 Executing VM operation: G1CollectForAllocation done
Event: 29.189 Executing VM operation: G1CollectForAllocation
Event: 29.242 Executing VM operation: G1CollectForAllocation done
Event: 30.056 Executing VM operation: G1CollectForAllocation
Event: 30.134 Executing VM operation: G1CollectForAllocation done
Event: 30.944 Executing VM operation: G1CollectForAllocation
Event: 31.021 Executing VM operation: G1CollectForAllocation done
Event: 31.837 Executing VM operation: G1CollectForAllocation
Event: 31.960 Executing VM operation: G1CollectForAllocation done
Event: 32.267 Executing VM operation: G1CollectForAllocation
Event: 32.364 Executing VM operation: G1CollectForAllocation done
Event: 33.905 Executing VM operation: G1CollectForAllocation
Event: 34.010 Executing VM operation: G1CollectForAllocation done
Event: 34.615 Executing VM operation: G1CollectForAllocation
Event: 34.767 Executing VM operation: G1CollectForAllocation done
Event: 35.082 Executing VM operation: G1CollectForAllocation

Events (20 events):
Event: 8.089 Thread 0x00000248243c2840 Thread added: 0x00000248243c2840
Event: 9.253 Thread 0x00000248243c2840 Thread exited: 0x00000248243c2840
Event: 9.572 Thread 0x00000248242a1600 Thread added: 0x00000248242a1600
Event: 9.924 Thread 0x00000248242a1600 Thread exited: 0x00000248242a1600
Event: 10.498 Thread 0x0000024822f2e010 Thread added: 0x0000024822f2e010
Event: 10.893 Thread 0x0000024822f2e010 Thread exited: 0x0000024822f2e010
Event: 11.150 Thread 0x000002482d25a980 Thread added: 0x000002482d25a980
Event: 11.565 Thread 0x000002482d25a980 Thread exited: 0x000002482d25a980
Event: 11.807 Thread 0x000002482da5de20 Thread added: 0x000002482da5de20
Event: 13.245 Thread 0x000002482da5de20 Thread exited: 0x000002482da5de20
Event: 13.447 Thread 0x000002482d6f3a70 Thread added: 0x000002482d6f3a70
Event: 13.970 Thread 0x000002482d6f3a70 Thread exited: 0x000002482d6f3a70
Event: 13.989 Thread 0x000002482d6f3a70 Thread added: 0x000002482d6f3a70
Event: 14.910 Thread 0x000002482d6f3a70 Thread exited: 0x000002482d6f3a70
Event: 15.108 Thread 0x0000024822a4fa50 Thread added: 0x0000024822a4fa50
Event: 15.430 Thread 0x0000024822a4fa50 Thread exited: 0x0000024822a4fa50
Event: 26.070 Thread 0x0000024822a4fa50 Thread added: 0x0000024822a4fa50
Event: 26.381 Thread 0x0000024822a4fa50 Thread exited: 0x0000024822a4fa50
Event: 26.762 Thread 0x0000024822a4fa50 Thread added: 0x0000024822a4fa50
Event: 31.960 Thread 0x0000024822a4fa50 Thread exited: 0x0000024822a4fa50


Dynamic libraries:
0x00007ff740b20000 - 0x00007ff740b2e000 	C:\Users\DELL\.jdks\openjdk-18.0.2.1-1\bin\java.exe
0x00007ffdc0bd0000 - 0x00007ffdc0de4000 	C:\WINDOWS\SYSTEM32\ntdll.dll
0x00007ffdc0310000 - 0x00007ffdc03d2000 	C:\WINDOWS\System32\KERNEL32.DLL
0x00007ffdbe2e0000 - 0x00007ffdbe67d000 	C:\WINDOWS\System32\KERNELBASE.dll
0x00007ffdbe120000 - 0x00007ffdbe231000 	C:\WINDOWS\System32\ucrtbase.dll
0x00007ffda9c40000 - 0x00007ffda9c5a000 	C:\Users\DELL\.jdks\openjdk-18.0.2.1-1\bin\VCRUNTIME140.dll
0x00007ffda9b30000 - 0x00007ffda9b47000 	C:\Users\DELL\.jdks\openjdk-18.0.2.1-1\bin\jli.dll
0x00007ffdc0730000 - 0x00007ffdc08da000 	C:\WINDOWS\System32\USER32.dll
0x00007ffda3cd0000 - 0x00007ffda3f5e000 	C:\WINDOWS\WinSxS\amd64_microsoft.windows.common-controls_6595b64144ccf1df_6.0.22621.608_none_a9444ca7c10bb01d\COMCTL32.dll
0x00007ffdbe2b0000 - 0x00007ffdbe2d6000 	C:\WINDOWS\System32\win32u.dll
0x00007ffdbf940000 - 0x00007ffdbf9e7000 	C:\WINDOWS\System32\msvcrt.dll
0x00007ffdc03e0000 - 0x00007ffdc0409000 	C:\WINDOWS\System32\GDI32.dll
0x00007ffdbe740000 - 0x00007ffdbe852000 	C:\WINDOWS\System32\gdi32full.dll
0x00007ffdbe080000 - 0x00007ffdbe11a000 	C:\WINDOWS\System32\msvcp_win.dll
0x00007ffdbfc00000 - 0x00007ffdbfc32000 	C:\WINDOWS\System32\IMM32.DLL
0x00007ffdae2f0000 - 0x00007ffdae2fc000 	C:\Users\DELL\.jdks\openjdk-18.0.2.1-1\bin\vcruntime140_1.dll
0x00007ffd9a340000 - 0x00007ffd9a3cd000 	C:\Users\DELL\.jdks\openjdk-18.0.2.1-1\bin\msvcp140.dll
0x00007ffd4ba90000 - 0x00007ffd4c6a1000 	C:\Users\DELL\.jdks\openjdk-18.0.2.1-1\bin\server\jvm.dll
0x00007ffdc0410000 - 0x00007ffdc04be000 	C:\WINDOWS\System32\ADVAPI32.dll
0x00007ffdc0680000 - 0x00007ffdc0724000 	C:\WINDOWS\System32\sechost.dll
0x00007ffdbfae0000 - 0x00007ffdbfbf5000 	C:\WINDOWS\System32\RPCRT4.dll
0x00007ffdc08e0000 - 0x00007ffdc08e8000 	C:\WINDOWS\System32\PSAPI.DLL
0x00007ffdb5c00000 - 0x00007ffdb5c09000 	C:\WINDOWS\SYSTEM32\WSOCK32.dll
0x00007ffdb6500000 - 0x00007ffdb650a000 	C:\WINDOWS\SYSTEM32\VERSION.dll
0x00007ffdbf8b0000 - 0x00007ffdbf921000 	C:\WINDOWS\System32\WS2_32.dll
0x00007ffdb6300000 - 0x00007ffdb6334000 	C:\WINDOWS\SYSTEM32\WINMM.dll
0x00007ffdbd120000 - 0x00007ffdbd138000 	C:\WINDOWS\SYSTEM32\kernel.appcore.dll
0x00007ffda9c30000 - 0x00007ffda9c3a000 	C:\Users\DELL\.jdks\openjdk-18.0.2.1-1\bin\jimage.dll
0x00007ffdbbba0000 - 0x00007ffdbbdce000 	C:\WINDOWS\SYSTEM32\DBGHELP.DLL
0x00007ffdbed40000 - 0x00007ffdbf0ca000 	C:\WINDOWS\System32\combase.dll
0x00007ffdbea30000 - 0x00007ffdbeb07000 	C:\WINDOWS\System32\OLEAUT32.dll
0x00007ffd9e9c0000 - 0x00007ffd9e9f2000 	C:\WINDOWS\SYSTEM32\dbgcore.DLL
0x00007ffdbe000000 - 0x00007ffdbe07b000 	C:\WINDOWS\System32\bcryptPrimitives.dll
0x00007ffda8090000 - 0x00007ffda809e000 	C:\Users\DELL\.jdks\openjdk-18.0.2.1-1\bin\instrument.dll
0x00007ffda9860000 - 0x00007ffda9885000 	C:\Users\DELL\.jdks\openjdk-18.0.2.1-1\bin\java.dll
0x00007ffd88e10000 - 0x00007ffd88ee6000 	C:\Users\DELL\.jdks\openjdk-18.0.2.1-1\bin\jsvml.dll
0x00007ffdbf0d0000 - 0x00007ffdbf8b0000 	C:\WINDOWS\System32\SHELL32.dll
0x00007ffdbbff0000 - 0x00007ffdbc8b5000 	C:\WINDOWS\SYSTEM32\windows.storage.dll
0x00007ffdbbeb0000 - 0x00007ffdbbfee000 	C:\WINDOWS\SYSTEM32\wintypes.dll
0x00007ffdc0580000 - 0x00007ffdc0671000 	C:\WINDOWS\System32\SHCORE.dll
0x00007ffdbe9d0000 - 0x00007ffdbea2e000 	C:\WINDOWS\System32\shlwapi.dll
0x00007ffdbdf30000 - 0x00007ffdbdf51000 	C:\WINDOWS\SYSTEM32\profapi.dll
0x00007ffda9b10000 - 0x00007ffda9b23000 	C:\Users\DELL\.jdks\openjdk-18.0.2.1-1\bin\net.dll
0x00007ffdb6360000 - 0x00007ffdb648f000 	C:\WINDOWS\SYSTEM32\WINHTTP.dll
0x00007ffdbd570000 - 0x00007ffdbd5d9000 	C:\WINDOWS\system32\mswsock.dll
0x00007ffda9840000 - 0x00007ffda9856000 	C:\Users\DELL\.jdks\openjdk-18.0.2.1-1\bin\nio.dll
0x00007ffda8370000 - 0x00007ffda8388000 	C:\Users\DELL\.jdks\openjdk-18.0.2.1-1\bin\zip.dll
0x00007ffda7c40000 - 0x00007ffda7c5a000 	C:\Program Files\JetBrains\IntelliJ IDEA 2022.2.1\bin\breakgen64.dll
0x00000248243d0000 - 0x00000248243d3000 	C:\Program Files (x86)\Java\javafx-sdk-19\bin\api-ms-win-core-console-l1-1-0.dll
0x00000248243e0000 - 0x00000248243e3000 	C:\Program Files (x86)\Java\javafx-sdk-19\bin\api-ms-win-core-console-l1-2-0.dll
0x00000248243f0000 - 0x00000248243f3000 	C:\Program Files (x86)\Java\javafx-sdk-19\bin\api-ms-win-core-datetime-l1-1-0.dll
0x0000024824400000 - 0x0000024824403000 	C:\Program Files (x86)\Java\javafx-sdk-19\bin\api-ms-win-core-debug-l1-1-0.dll
0x0000024824530000 - 0x0000024824533000 	C:\Program Files (x86)\Java\javafx-sdk-19\bin\api-ms-win-core-errorhandling-l1-1-0.dll
0x0000024824410000 - 0x0000024824414000 	C:\Program Files (x86)\Java\javafx-sdk-19\bin\api-ms-win-core-file-l1-1-0.dll
0x0000024824420000 - 0x0000024824423000 	C:\Program Files (x86)\Java\javafx-sdk-19\bin\api-ms-win-core-file-l1-2-0.dll
0x0000024824430000 - 0x0000024824433000 	C:\Program Files (x86)\Java\javafx-sdk-19\bin\api-ms-win-core-file-l2-1-0.dll
0x0000024824440000 - 0x0000024824443000 	C:\Program Files (x86)\Java\javafx-sdk-19\bin\api-ms-win-core-handle-l1-1-0.dll
0x0000024824450000 - 0x0000024824453000 	C:\Program Files (x86)\Java\javafx-sdk-19\bin\api-ms-win-core-heap-l1-1-0.dll
0x0000024824460000 - 0x0000024824463000 	C:\Program Files (x86)\Java\javafx-sdk-19\bin\api-ms-win-core-interlocked-l1-1-0.dll
0x0000024824470000 - 0x0000024824473000 	C:\Program Files (x86)\Java\javafx-sdk-19\bin\api-ms-win-core-libraryloader-l1-1-0.dll
0x0000024824480000 - 0x0000024824483000 	C:\Program Files (x86)\Java\javafx-sdk-19\bin\api-ms-win-core-localization-l1-2-0.dll
0x0000024824490000 - 0x0000024824493000 	C:\Program Files (x86)\Java\javafx-sdk-19\bin\api-ms-win-core-memory-l1-1-0.dll
0x00000248244a0000 - 0x00000248244a3000 	C:\Program Files (x86)\Java\javafx-sdk-19\bin\api-ms-win-core-namedpipe-l1-1-0.dll
0x00000248244b0000 - 0x00000248244b3000 	C:\Program Files (x86)\Java\javafx-sdk-19\bin\api-ms-win-core-processenvironment-l1-1-0.dll
0x00000248244c0000 - 0x00000248244c3000 	C:\Program Files (x86)\Java\javafx-sdk-19\bin\api-ms-win-core-processthreads-l1-1-0.dll
0x00000248244d0000 - 0x00000248244d3000 	C:\Program Files (x86)\Java\javafx-sdk-19\bin\api-ms-win-core-processthreads-l1-1-1.dll
0x00000248244e0000 - 0x00000248244e3000 	C:\Program Files (x86)\Java\javafx-sdk-19\bin\api-ms-win-core-profile-l1-1-0.dll
0x00000248244f0000 - 0x00000248244f3000 	C:\Program Files (x86)\Java\javafx-sdk-19\bin\api-ms-win-core-rtlsupport-l1-1-0.dll
0x0000024824500000 - 0x0000024824503000 	C:\Program Files (x86)\Java\javafx-sdk-19\bin\api-ms-win-core-string-l1-1-0.dll
0x0000024824510000 - 0x0000024824513000 	C:\Program Files (x86)\Java\javafx-sdk-19\bin\api-ms-win-core-synch-l1-1-0.dll
0x0000024824520000 - 0x0000024824523000 	C:\Program Files (x86)\Java\javafx-sdk-19\bin\api-ms-win-core-synch-l1-2-0.dll
0x0000024824540000 - 0x0000024824543000 	C:\Program Files (x86)\Java\javafx-sdk-19\bin\api-ms-win-core-sysinfo-l1-1-0.dll
0x0000024824550000 - 0x0000024824553000 	C:\Program Files (x86)\Java\javafx-sdk-19\bin\api-ms-win-core-timezone-l1-1-0.dll
0x0000024824560000 - 0x0000024824563000 	C:\Program Files (x86)\Java\javafx-sdk-19\bin\api-ms-win-core-util-l1-1-0.dll
0x00000248246a0000 - 0x00000248246a3000 	C:\Program Files (x86)\Java\javafx-sdk-19\bin\api-ms-win-crt-conio-l1-1-0.dll
0x00000248246b0000 - 0x00000248246b4000 	C:\Program Files (x86)\Java\javafx-sdk-19\bin\api-ms-win-crt-convert-l1-1-0.dll
0x0000024824570000 - 0x0000024824573000 	C:\Program Files (x86)\Java\javafx-sdk-19\bin\api-ms-win-crt-environment-l1-1-0.dll
0x0000024824580000 - 0x0000024824583000 	C:\Program Files (x86)\Java\javafx-sdk-19\bin\api-ms-win-crt-filesystem-l1-1-0.dll
0x0000024824590000 - 0x0000024824593000 	C:\Program Files (x86)\Java\javafx-sdk-19\bin\api-ms-win-crt-heap-l1-1-0.dll
0x00000248245a0000 - 0x00000248245a3000 	C:\Program Files (x86)\Java\javafx-sdk-19\bin\api-ms-win-crt-locale-l1-1-0.dll
0x00000248245b0000 - 0x00000248245b5000 	C:\Program Files (x86)\Java\javafx-sdk-19\bin\api-ms-win-crt-math-l1-1-0.dll
0x00000248245c0000 - 0x00000248245c5000 	C:\Program Files (x86)\Java\javafx-sdk-19\bin\api-ms-win-crt-multibyte-l1-1-0.dll
0x00000248245d0000 - 0x00000248245e0000 	C:\Program Files (x86)\Java\javafx-sdk-19\bin\api-ms-win-crt-private-l1-1-0.dll
0x00000248245e0000 - 0x00000248245e3000 	C:\Program Files (x86)\Java\javafx-sdk-19\bin\api-ms-win-crt-process-l1-1-0.dll
0x00000248245f0000 - 0x00000248245f4000 	C:\Program Files (x86)\Java\javafx-sdk-19\bin\api-ms-win-crt-runtime-l1-1-0.dll
0x0000024824600000 - 0x0000024824604000 	C:\Program Files (x86)\Java\javafx-sdk-19\bin\api-ms-win-crt-stdio-l1-1-0.dll
0x0000024824610000 - 0x0000024824614000 	C:\Program Files (x86)\Java\javafx-sdk-19\bin\api-ms-win-crt-string-l1-1-0.dll
0x0000024824620000 - 0x0000024824623000 	C:\Program Files (x86)\Java\javafx-sdk-19\bin\api-ms-win-crt-time-l1-1-0.dll
0x0000024824630000 - 0x0000024824633000 	C:\Program Files (x86)\Java\javafx-sdk-19\bin\api-ms-win-crt-utility-l1-1-0.dll
0x00007ffd95d00000 - 0x00007ffd95dfc000 	C:\Program Files (x86)\Java\javafx-sdk-19\bin\ucrtbase.dll
0x00007ffda7270000 - 0x00007ffda728b000 	C:\Program Files (x86)\Java\javafx-sdk-19\bin\vcruntime140.dll
0x00007ffda8080000 - 0x00007ffda808c000 	C:\Program Files (x86)\Java\javafx-sdk-19\bin\vcruntime140_1.dll
0x00007ffd84640000 - 0x00007ffd846ce000 	C:\Program Files (x86)\Java\javafx-sdk-19\bin\msvcp140.dll
0x00007ffda8050000 - 0x00007ffda8059000 	C:\Program Files (x86)\Java\javafx-sdk-19\bin\msvcp140_1.dll
0x00007ffda42a0000 - 0x00007ffda42d0000 	C:\Program Files (x86)\Java\javafx-sdk-19\bin\msvcp140_2.dll
0x00007ffda2bc0000 - 0x00007ffda2bec000 	C:\Program Files (x86)\Java\javafx-sdk-19\bin\prism_d3d.dll
0x00007ffdaeb80000 - 0x00007ffdaed29000 	C:\WINDOWS\system32\d3d9.dll
0x00007ffdbb670000 - 0x00007ffdbb69b000 	C:\WINDOWS\SYSTEM32\dwmapi.dll
0x00007ffdbb340000 - 0x00007ffdbb376000 	C:\WINDOWS\SYSTEM32\dxcore.dll
0x00007ffdbb170000 - 0x00007ffdbb21b000 	C:\WINDOWS\system32\uxtheme.dll
0x00007ffdb3080000 - 0x00007ffdb3130000 	C:\WINDOWS\System32\DriverStore\FileRepository\nvdm.inf_amd64_f88e72a2cf1fcf92\nvldumdx.dll
0x00007ffdbd850000 - 0x00007ffdbd862000 	C:\WINDOWS\SYSTEM32\msasn1.dll
0x00007ffdb35f0000 - 0x00007ffdb3622000 	C:\WINDOWS\SYSTEM32\cryptnet.dll
0x00007ffdbe860000 - 0x00007ffdbe9c6000 	C:\WINDOWS\System32\CRYPT32.dll
0x00007ffdb3230000 - 0x00007ffdb3388000 	C:\WINDOWS\SYSTEM32\drvstore.dll
0x00007ffdbdd00000 - 0x00007ffdbdd33000 	C:\WINDOWS\SYSTEM32\devobj.dll
0x00007ffdbdcb0000 - 0x00007ffdbdcfe000 	C:\WINDOWS\SYSTEM32\cfgmgr32.dll
0x00007ffdbd8b0000 - 0x00007ffdbd8f8000 	C:\WINDOWS\SYSTEM32\wldp.dll
0x00007ffdbd770000 - 0x00007ffdbd77c000 	C:\WINDOWS\SYSTEM32\cryptbase.dll
0x00007ffdbe240000 - 0x00007ffdbe2a9000 	C:\WINDOWS\System32\WINTRUST.DLL
0x00007ffdc02f0000 - 0x00007ffdc030f000 	C:\WINDOWS\System32\imagehlp.dll
0x00007ffdbd7b0000 - 0x00007ffdbd7cb000 	C:\WINDOWS\SYSTEM32\CRYPTSP.dll
0x00007ffdbd090000 - 0x00007ffdbd0c5000 	C:\WINDOWS\system32\rsaenh.dll
0x00007ffdbd9c0000 - 0x00007ffdbd9e8000 	C:\WINDOWS\SYSTEM32\bcrypt.dll
0x00007ffd61fe0000 - 0x00007ffd6376c000 	C:\WINDOWS\System32\DriverStore\FileRepository\nvdm.inf_amd64_f88e72a2cf1fcf92\nvd3dumx.dll
0x00007ffdb6a80000 - 0x00007ffdb6ac9000 	C:\WINDOWS\SYSTEM32\directxdatabasehelper.dll
0x00007ffd73f40000 - 0x00007ffd740a5000 	C:\WINDOWS\System32\DriverStore\FileRepository\iigd_dch.inf_amd64_362cfac2b6e1097f\igdumdim64.dll
0x00007ffdc00c0000 - 0x00007ffdc025c000 	C:\WINDOWS\System32\ole32.dll
0x00007ffd5e350000 - 0x00007ffd61fdb000 	C:\WINDOWS\System32\DriverStore\FileRepository\iigd_dch.inf_amd64_362cfac2b6e1097f\igd9dxva64.dll
0x00007ffdbfc40000 - 0x00007ffdc00ba000 	C:\WINDOWS\System32\SETUPAPI.dll
0x00007ffdacbc0000 - 0x00007ffdacef6000 	C:\WINDOWS\System32\DriverStore\FileRepository\iigd_dch.inf_amd64_362cfac2b6e1097f\igdgmm64.dll
0x00007ffd95cb0000 - 0x00007ffd95cf2000 	C:\Program Files (x86)\Java\javafx-sdk-19\bin\glass.dll
0x00007ffdbec30000 - 0x00007ffdbed26000 	C:\WINDOWS\System32\COMDLG32.dll
0x00007ffdbeb10000 - 0x00007ffdbec2e000 	C:\WINDOWS\System32\MSCTF.dll
0x00007ffdbd5e0000 - 0x00007ffdbd606000 	C:\WINDOWS\SYSTEM32\gpapi.dll
0x00007ffda44c0000 - 0x00007ffda44d4000 	C:\Program Files (x86)\Java\javafx-sdk-19\bin\javafx_font.dll
0x00007ffdb9850000 - 0x00007ffdb9ab7000 	C:\WINDOWS\SYSTEM32\dwrite.dll
0x00007ffdc04c0000 - 0x00007ffdc0577000 	C:\WINDOWS\System32\clbcatq.dll

dbghelp: loaded successfully - version: 4.0.5 - missing functions: none
symbol engine: initialized successfully - sym options: 0x614 - pdb path: .;C:\Users\DELL\.jdks\openjdk-18.0.2.1-1\bin;C:\WINDOWS\SYSTEM32;C:\WINDOWS\WinSxS\amd64_microsoft.windows.common-controls_6595b64144ccf1df_6.0.22621.608_none_a9444ca7c10bb01d;C:\Users\DELL\.jdks\openjdk-18.0.2.1-1\bin\server;C:\Program Files\JetBrains\IntelliJ IDEA 2022.2.1\bin;C:\Program Files (x86)\Java\javafx-sdk-19\bin;C:\WINDOWS\System32\DriverStore\FileRepository\nvdm.inf_amd64_f88e72a2cf1fcf92;C:\WINDOWS\System32\DriverStore\FileRepository\iigd_dch.inf_amd64_362cfac2b6e1097f;C:\Program Files\Common Files\Microsoft Shared\Ink

VM Arguments:
jvm_args: --module-path=C:\Program Files (x86)\Java\javafx-sdk-19\lib --add-modules=javafx.controls,javafx.fxml -javaagent:C:\Program Files\JetBrains\IntelliJ IDEA 2022.2.1\lib\idea_rt.jar=6690:C:\Program Files\JetBrains\IntelliJ IDEA 2022.2.1\bin -Dfile.encoding=UTF-8 -Dsun.stdout.encoding=UTF-8 -Dsun.stderr.encoding=UTF-8 
java_command: Strom.ProgPamatky.MainFX
java_class_path (initial): D:\javaTraining\SemB\SemPraceB_Onipchenko\target\classes;C:\Users\DELL\.m2\repository\org\openjfx\javafx-base\17-ea+11\javafx-base-17-ea+11.jar;C:\Users\DELL\.m2\repository\org\openjfx\javafx-base\17-ea+11\javafx-base-17-ea+11-win.jar;C:\Users\DELL\.m2\repository\org\openjfx\javafx-graphics\17-ea+11\javafx-graphics-17-ea+11.jar;C:\Users\DELL\.m2\repository\org\openjfx\javafx-graphics\17-ea+11\javafx-graphics-17-ea+11-win.jar;C:\Users\DELL\.m2\repository\org\openjfx\javafx-controls\17-ea+11\javafx-controls-17-ea+11.jar;C:\Users\DELL\.m2\repository\org\openjfx\javafx-controls\17-ea+11\javafx-controls-17-ea+11-win.jar
Launcher Type: SUN_STANDARD

[Global flags]
     intx CICompilerCount                          = 4                                         {product} {ergonomic}
     uint ConcGCThreads                            = 2                                         {product} {ergonomic}
     uint G1ConcRefinementThreads                  = 8                                         {product} {ergonomic}
   size_t G1HeapRegionSize                         = 2097152                                   {product} {ergonomic}
    uintx GCDrainStackTargetSize                   = 64                                        {product} {ergonomic}
   size_t InitialHeapSize                          = 199229440                                 {product} {ergonomic}
   size_t MarkStackSize                            = 4194304                                   {product} {ergonomic}
   size_t MaxHeapSize                              = 3164602368                                {product} {ergonomic}
   size_t MaxNewSize                               = 1897922560                                {product} {ergonomic}
   size_t MinHeapDeltaBytes                        = 2097152                                   {product} {ergonomic}
   size_t MinHeapSize                              = 8388608                                   {product} {ergonomic}
    uintx NonNMethodCodeHeapSize                   = 5839372                                {pd product} {ergonomic}
    uintx NonProfiledCodeHeapSize                  = 122909434                              {pd product} {ergonomic}
    uintx ProfiledCodeHeapSize                     = 122909434                              {pd product} {ergonomic}
    uintx ReservedCodeCacheSize                    = 251658240                              {pd product} {ergonomic}
     bool SegmentedCodeCache                       = true                                      {product} {ergonomic}
   size_t SoftMaxHeapSize                          = 3164602368                             {manageable} {ergonomic}
     bool UseCompressedClassPointers               = true                           {product lp64_product} {ergonomic}
     bool UseCompressedOops                        = true                           {product lp64_product} {ergonomic}
     bool UseG1GC                                  = true                                      {product} {ergonomic}
     bool UseLargePagesIndividualAllocation        = false                                  {pd product} {ergonomic}

Logging:
Log output configuration:
 #0: stdout all=warning uptime,level,tags foldmultilines=false
 #1: stderr all=off uptime,level,tags foldmultilines=false

Environment Variables:
PATH=C:\Program Files (x86)\Common Files\Oracle\Java\javapath;C:\Windows\system32;C:\Windows;C:\Windows\System32\Wbem;C:\Windows\System32\WindowsPowerShell\v1.0\;C:\Windows\System32\OpenSSH\;C:\Program Files\7-Zip;C:\Program Files (x86)\NVIDIA Corporation\PhysX\Common;C:\WINDOWS\system32;C:\WINDOWS;C:\WINDOWS\System32\Wbem;C:\WINDOWS\System32\WindowsPowerShell\v1.0\;C:\WINDOWS\System32\OpenSSH\;C:\Program Files\dotnet\;D:\MathLab\bin;C:\Program Files\Git\cmd;C:\Users\DELL\AppData\Local\Microsoft\WindowsApps;
USERNAME=DELL
OS=Windows_NT
PROCESSOR_IDENTIFIER=Intel64 Family 6 Model 158 Stepping 10, GenuineIntel



---------------  S Y S T E M  ---------------

OS:
 Windows 11 , 64 bit Build 22621 (10.0.22621.755)
OS uptime: 0 days 10:59 hours
Hyper-V role detected

CPU: total 8 (initial active 8) (4 cores per cpu, 2 threads per core) family 6 model 158 stepping 10 microcode 0xf0, cx8, cmov, fxsr, ht, mmx, 3dnowpref, sse, sse2, sse3, ssse3, sse4.1, sse4.2, popcnt, lzcnt, tsc, tscinvbit, avx, avx2, aes, erms, clmul, bmi1, bmi2, adx, fma, vzeroupper, clflush, clflushopt, hv

Memory: 4k page, system-wide physical 12069M (286M free)
TotalPageFile size 27106M (AvailPageFile size 237M)
current process WorkingSet (physical memory assigned to process): 563M, peak: 563M
current process commit charge ("private bytes"): 649M, peak: 1179M

vm_info: OpenJDK 64-Bit Server VM (18.0.2.1+1-1) for windows-amd64 JRE (18.0.2.1+1-1), built on Aug 16 2022 01:44:29 by "mach5one" with MS VC++ 16.8 / 16.9 (VS2019)

END.
